{"C:\\Development\\leandro\\lib\\cart-pricing\\engine.ts": {"path":"C:\\Development\\leandro\\lib\\cart-pricing\\engine.ts","statementMap":{"0":{"start":{"line":64,"column":25},"end":{"line":64,"column":null}},"1":{"start":{"line":67,"column":22},"end":{"line":67,"column":null}},"2":{"start":{"line":70,"column":2},"end":{"line":72,"column":null}},"3":{"start":{"line":71,"column":4},"end":{"line":71,"column":null}},"4":{"start":{"line":74,"column":2},"end":{"line":74,"column":null}},"5":{"start":{"line":77,"column":23},"end":{"line":77,"column":null}},"6":{"start":{"line":80,"column":46},"end":{"line":84,"column":null}},"7":{"start":{"line":87,"column":2},"end":{"line":87,"column":null}},"8":{"start":{"line":104,"column":2},"end":{"line":125,"column":null}},"9":{"start":{"line":105,"column":20},"end":{"line":105,"column":32}},"10":{"start":{"line":107,"column":22},"end":{"line":107,"column":null}},"11":{"start":{"line":108,"column":6},"end":{"line":117,"column":null}},"12":{"start":{"line":111,"column":8},"end":{"line":111,"column":null}},"13":{"start":{"line":112,"column":8},"end":{"line":116,"column":null}},"14":{"start":{"line":120,"column":6},"end":{"line":124,"column":null}},"15":{"start":{"line":133,"column":2},"end":{"line":147,"column":null}},"16":{"start":{"line":134,"column":4},"end":{"line":134,"column":null}},"17":{"start":{"line":134,"column":25},"end":{"line":134,"column":null}},"18":{"start":{"line":136,"column":4},"end":{"line":139,"column":null}},"19":{"start":{"line":137,"column":23},"end":{"line":137,"column":null}},"20":{"start":{"line":138,"column":6},"end":{"line":138,"column":null}},"21":{"start":{"line":138,"column":26},"end":{"line":138,"column":null}},"22":{"start":{"line":141,"column":4},"end":{"line":144,"column":null}},"23":{"start":{"line":142,"column":21},"end":{"line":142,"column":null}},"24":{"start":{"line":143,"column":6},"end":{"line":143,"column":null}},"25":{"start":{"line":143,"column":24},"end":{"line":143,"column":null}},"26":{"start":{"line":146,"column":4},"end":{"line":146,"column":null}},"27":{"start":{"line":155,"column":19},"end":{"line":155,"column":null}},"28":{"start":{"line":157,"column":2},"end":{"line":164,"column":null}},"29":{"start":{"line":158,"column":4},"end":{"line":163,"column":null}},"30":{"start":{"line":166,"column":2},"end":{"line":166,"column":null}},"31":{"start":{"line":183,"column":42},"end":{"line":183,"column":null}},"32":{"start":{"line":184,"column":8},"end":{"line":184,"column":null}},"33":{"start":{"line":185,"column":26},"end":{"line":185,"column":null}},"34":{"start":{"line":188,"column":20},"end":{"line":188,"column":null}},"35":{"start":{"line":188,"column":38},"end":{"line":188,"column":88}},"36":{"start":{"line":191,"column":2},"end":{"line":195,"column":null}},"37":{"start":{"line":192,"column":22},"end":{"line":192,"column":null}},"38":{"start":{"line":193,"column":22},"end":{"line":193,"column":null}},"39":{"start":{"line":194,"column":4},"end":{"line":194,"column":null}},"40":{"start":{"line":198,"column":2},"end":{"line":208,"column":null}},"41":{"start":{"line":199,"column":4},"end":{"line":199,"column":null}},"42":{"start":{"line":199,"column":69},"end":{"line":199,"column":null}},"43":{"start":{"line":201,"column":24},"end":{"line":201,"column":null}},"44":{"start":{"line":202,"column":4},"end":{"line":207,"column":null}},"45":{"start":{"line":203,"column":6},"end":{"line":203,"column":null}},"46":{"start":{"line":210,"column":2},"end":{"line":210,"column":null}},"47":{"start":{"line":222,"column":2},"end":{"line":239,"column":null}},"48":{"start":{"line":224,"column":6},"end":{"line":224,"column":null}},"49":{"start":{"line":226,"column":6},"end":{"line":226,"column":null}},"50":{"start":{"line":228,"column":6},"end":{"line":228,"column":null}},"51":{"start":{"line":230,"column":6},"end":{"line":230,"column":null}},"52":{"start":{"line":232,"column":6},"end":{"line":238,"column":null}},"53":{"start":{"line":252,"column":2},"end":{"line":254,"column":null}},"54":{"start":{"line":253,"column":4},"end":{"line":253,"column":null}},"55":{"start":{"line":257,"column":17},"end":{"line":257,"column":null}},"56":{"start":{"line":258,"column":2},"end":{"line":266,"column":null}},"57":{"start":{"line":259,"column":20},"end":{"line":259,"column":null}},"58":{"start":{"line":260,"column":4},"end":{"line":263,"column":null}},"59":{"start":{"line":261,"column":6},"end":{"line":261,"column":null}},"60":{"start":{"line":262,"column":6},"end":{"line":262,"column":null}},"61":{"start":{"line":264,"column":32},"end":{"line":264,"column":null}},"62":{"start":{"line":265,"column":4},"end":{"line":265,"column":null}},"63":{"start":{"line":268,"column":2},"end":{"line":270,"column":null}},"64":{"start":{"line":269,"column":4},"end":{"line":269,"column":null}},"65":{"start":{"line":273,"column":2},"end":{"line":275,"column":null}},"66":{"start":{"line":274,"column":4},"end":{"line":274,"column":null}},"67":{"start":{"line":278,"column":24},"end":{"line":278,"column":null}},"68":{"start":{"line":279,"column":2},"end":{"line":282,"column":null}},"69":{"start":{"line":280,"column":18},"end":{"line":280,"column":null}},"70":{"start":{"line":281,"column":4},"end":{"line":281,"column":null}},"71":{"start":{"line":285,"column":15},"end":{"line":285,"column":null}},"72":{"start":{"line":285,"column":36},"end":{"line":285,"column":51}},"73":{"start":{"line":286,"column":20},"end":{"line":286,"column":null}},"74":{"start":{"line":287,"column":8},"end":{"line":287,"column":null}},"75":{"start":{"line":289,"column":2},"end":{"line":295,"column":null}},"76":{"start":{"line":313,"column":2},"end":{"line":315,"column":null}},"77":{"start":{"line":314,"column":4},"end":{"line":314,"column":null}},"78":{"start":{"line":317,"column":20},"end":{"line":317,"column":null}},"79":{"start":{"line":318,"column":18},"end":{"line":318,"column":null}},"80":{"start":{"line":319,"column":2},"end":{"line":321,"column":null}},"81":{"start":{"line":320,"column":4},"end":{"line":320,"column":null}},"82":{"start":{"line":323,"column":14},"end":{"line":323,"column":null}},"83":{"start":{"line":324,"column":20},"end":{"line":324,"column":null}},"84":{"start":{"line":325,"column":8},"end":{"line":325,"column":null}},"85":{"start":{"line":328,"column":24},"end":{"line":328,"column":null}},"86":{"start":{"line":328,"column":45},"end":{"line":328,"column":66}},"87":{"start":{"line":329,"column":26},"end":{"line":329,"column":null}},"88":{"start":{"line":329,"column":47},"end":{"line":329,"column":70}},"89":{"start":{"line":331,"column":2},"end":{"line":355,"column":null}},"90":{"start":{"line":333,"column":24},"end":{"line":335,"column":null}},"91":{"start":{"line":334,"column":19},"end":{"line":334,"column":40}},"92":{"start":{"line":335,"column":22},"end":{"line":335,"column":43}},"93":{"start":{"line":337,"column":4},"end":{"line":352,"column":null}},"94":{"start":{"line":338,"column":6},"end":{"line":351,"column":null}},"95":{"start":{"line":339,"column":14},"end":{"line":339,"column":null}},"96":{"start":{"line":340,"column":14},"end":{"line":340,"column":null}},"97":{"start":{"line":342,"column":8},"end":{"line":350,"column":null}},"98":{"start":{"line":343,"column":10},"end":{"line":349,"column":null}},"99":{"start":{"line":354,"column":4},"end":{"line":354,"column":null}},"100":{"start":{"line":357,"column":2},"end":{"line":380,"column":null}},"101":{"start":{"line":359,"column":24},"end":{"line":361,"column":null}},"102":{"start":{"line":360,"column":19},"end":{"line":360,"column":42}},"103":{"start":{"line":361,"column":22},"end":{"line":361,"column":43}},"104":{"start":{"line":363,"column":4},"end":{"line":377,"column":null}},"105":{"start":{"line":364,"column":6},"end":{"line":376,"column":null}},"106":{"start":{"line":365,"column":14},"end":{"line":365,"column":null}},"107":{"start":{"line":367,"column":8},"end":{"line":375,"column":null}},"108":{"start":{"line":368,"column":10},"end":{"line":374,"column":null}},"109":{"start":{"line":379,"column":4},"end":{"line":379,"column":null}},"110":{"start":{"line":383,"column":2},"end":{"line":421,"column":null}},"111":{"start":{"line":385,"column":20},"end":{"line":385,"column":null}},"112":{"start":{"line":386,"column":4},"end":{"line":395,"column":null}},"113":{"start":{"line":387,"column":6},"end":{"line":394,"column":null}},"114":{"start":{"line":398,"column":24},"end":{"line":398,"column":null}},"115":{"start":{"line":398,"column":55},"end":{"line":398,"column":76}},"116":{"start":{"line":400,"column":4},"end":{"line":420,"column":null}},"117":{"start":{"line":401,"column":6},"end":{"line":419,"column":null}},"118":{"start":{"line":402,"column":26},"end":{"line":402,"column":null}},"119":{"start":{"line":403,"column":14},"end":{"line":403,"column":null}},"120":{"start":{"line":405,"column":8},"end":{"line":418,"column":null}},"121":{"start":{"line":406,"column":25},"end":{"line":406,"column":null}},"122":{"start":{"line":407,"column":10},"end":{"line":409,"column":null}},"123":{"start":{"line":408,"column":12},"end":{"line":408,"column":null}},"124":{"start":{"line":411,"column":10},"end":{"line":417,"column":null}},"125":{"start":{"line":423,"column":2},"end":{"line":423,"column":null}},"126":{"start":{"line":440,"column":2},"end":{"line":442,"column":null}},"127":{"start":{"line":441,"column":4},"end":{"line":441,"column":null}},"128":{"start":{"line":444,"column":20},"end":{"line":444,"column":null}},"129":{"start":{"line":445,"column":18},"end":{"line":445,"column":null}},"130":{"start":{"line":446,"column":2},"end":{"line":448,"column":null}},"131":{"start":{"line":447,"column":4},"end":{"line":447,"column":null}},"132":{"start":{"line":450,"column":14},"end":{"line":450,"column":null}},"133":{"start":{"line":451,"column":20},"end":{"line":451,"column":null}},"134":{"start":{"line":452,"column":8},"end":{"line":452,"column":null}},"135":{"start":{"line":455,"column":22},"end":{"line":455,"column":null}},"136":{"start":{"line":455,"column":53},"end":{"line":455,"column":74}},"137":{"start":{"line":457,"column":2},"end":{"line":487,"column":null}},"138":{"start":{"line":458,"column":4},"end":{"line":458,"column":null}},"139":{"start":{"line":458,"column":28},"end":{"line":458,"column":null}},"140":{"start":{"line":459,"column":4},"end":{"line":459,"column":null}},"141":{"start":{"line":459,"column":53},"end":{"line":459,"column":null}},"142":{"start":{"line":463,"column":4},"end":{"line":474,"column":null}},"143":{"start":{"line":465,"column":6},"end":{"line":465,"column":null}},"144":{"start":{"line":466,"column":4},"end":{"line":474,"column":null}},"145":{"start":{"line":468,"column":6},"end":{"line":468,"column":null}},"146":{"start":{"line":469,"column":4},"end":{"line":474,"column":null}},"147":{"start":{"line":471,"column":6},"end":{"line":471,"column":null}},"148":{"start":{"line":473,"column":6},"end":{"line":473,"column":null}},"149":{"start":{"line":476,"column":10},"end":{"line":476,"column":null}},"150":{"start":{"line":478,"column":4},"end":{"line":486,"column":null}},"151":{"start":{"line":479,"column":6},"end":{"line":485,"column":null}},"152":{"start":{"line":489,"column":2},"end":{"line":489,"column":null}},"153":{"start":{"line":501,"column":2},"end":{"line":503,"column":null}},"154":{"start":{"line":502,"column":4},"end":{"line":502,"column":null}},"155":{"start":{"line":506,"column":23},"end":{"line":506,"column":null}},"156":{"start":{"line":507,"column":29},"end":{"line":507,"column":null}},"157":{"start":{"line":509,"column":2},"end":{"line":518,"column":null}},"158":{"start":{"line":510,"column":20},"end":{"line":510,"column":null}},"159":{"start":{"line":511,"column":4},"end":{"line":514,"column":null}},"160":{"start":{"line":512,"column":6},"end":{"line":512,"column":null}},"161":{"start":{"line":513,"column":6},"end":{"line":513,"column":null}},"162":{"start":{"line":515,"column":18},"end":{"line":515,"column":null}},"163":{"start":{"line":517,"column":4},"end":{"line":517,"column":null}},"164":{"start":{"line":520,"column":2},"end":{"line":522,"column":null}},"165":{"start":{"line":521,"column":4},"end":{"line":521,"column":null}},"166":{"start":{"line":524,"column":15},"end":{"line":524,"column":null}},"167":{"start":{"line":525,"column":2},"end":{"line":527,"column":null}},"168":{"start":{"line":526,"column":4},"end":{"line":526,"column":null}},"169":{"start":{"line":529,"column":8},"end":{"line":529,"column":null}},"170":{"start":{"line":531,"column":17},"end":{"line":531,"column":null}},"171":{"start":{"line":532,"column":2},"end":{"line":542,"column":null}},"172":{"start":{"line":533,"column":4},"end":{"line":533,"column":null}},"173":{"start":{"line":534,"column":2},"end":{"line":542,"column":null}},"174":{"start":{"line":536,"column":28},"end":{"line":536,"column":null}},"175":{"start":{"line":537,"column":4},"end":{"line":540,"column":null}},"176":{"start":{"line":538,"column":22},"end":{"line":538,"column":null}},"177":{"start":{"line":539,"column":6},"end":{"line":539,"column":null}},"178":{"start":{"line":541,"column":4},"end":{"line":541,"column":null}},"179":{"start":{"line":544,"column":2},"end":{"line":550,"column":null}},"180":{"start":{"line":571,"column":2},"end":{"line":571,"column":null}},"181":{"start":{"line":571,"column":39},"end":{"line":571,"column":null}},"182":{"start":{"line":574,"column":14},"end":{"line":574,"column":null}},"183":{"start":{"line":575,"column":23},"end":{"line":575,"column":null}},"184":{"start":{"line":576,"column":68},"end":{"line":576,"column":null}},"185":{"start":{"line":578,"column":2},"end":{"line":578,"column":null}},"186":{"start":{"line":580,"column":2},"end":{"line":602,"column":null}},"187":{"start":{"line":580,"column":15},"end":{"line":580,"column":18}},"188":{"start":{"line":582,"column":21},"end":{"line":582,"column":null}},"189":{"start":{"line":583,"column":4},"end":{"line":586,"column":null}},"190":{"start":{"line":584,"column":6},"end":{"line":584,"column":null}},"191":{"start":{"line":585,"column":6},"end":{"line":585,"column":null}},"192":{"start":{"line":589,"column":4},"end":{"line":601,"column":null}},"193":{"start":{"line":590,"column":6},"end":{"line":590,"column":null}},"194":{"start":{"line":590,"column":37},"end":{"line":590,"column":null}},"195":{"start":{"line":591,"column":6},"end":{"line":591,"column":null}},"196":{"start":{"line":591,"column":28},"end":{"line":591,"column":null}},"197":{"start":{"line":593,"column":20},"end":{"line":593,"column":null}},"198":{"start":{"line":594,"column":6},"end":{"line":594,"column":null}},"199":{"start":{"line":594,"column":21},"end":{"line":594,"column":null}},"200":{"start":{"line":596,"column":27},"end":{"line":596,"column":null}},"201":{"start":{"line":597,"column":6},"end":{"line":600,"column":null}},"202":{"start":{"line":598,"column":8},"end":{"line":598,"column":null}},"203":{"start":{"line":599,"column":8},"end":{"line":599,"column":null}},"204":{"start":{"line":604,"column":2},"end":{"line":604,"column":null}},"205":{"start":{"line":604,"column":23},"end":{"line":604,"column":null}},"206":{"start":{"line":607,"column":21},"end":{"line":607,"column":null}},"207":{"start":{"line":608,"column":17},"end":{"line":608,"column":null}},"208":{"start":{"line":609,"column":25},"end":{"line":609,"column":null}},"209":{"start":{"line":611,"column":2},"end":{"line":626,"column":null}},"210":{"start":{"line":612,"column":14},"end":{"line":612,"column":null}},"211":{"start":{"line":613,"column":4},"end":{"line":625,"column":null}},"212":{"start":{"line":615,"column":6},"end":{"line":615,"column":null}},"213":{"start":{"line":616,"column":6},"end":{"line":616,"column":null}},"214":{"start":{"line":618,"column":21},"end":{"line":618,"column":null}},"215":{"start":{"line":619,"column":6},"end":{"line":623,"column":null}},"216":{"start":{"line":620,"column":8},"end":{"line":620,"column":null}},"217":{"start":{"line":622,"column":8},"end":{"line":622,"column":null}},"218":{"start":{"line":624,"column":6},"end":{"line":624,"column":null}},"219":{"start":{"line":628,"column":20},"end":{"line":631,"column":null}},"220":{"start":{"line":628,"column":78},"end":{"line":631,"column":4}},"221":{"start":{"line":633,"column":21},"end":{"line":633,"column":null}},"222":{"start":{"line":634,"column":8},"end":{"line":634,"column":null}},"223":{"start":{"line":635,"column":8},"end":{"line":635,"column":null}},"224":{"start":{"line":637,"column":2},"end":{"line":642,"column":null}},"225":{"start":{"line":654,"column":93},"end":{"line":654,"column":null}},"226":{"start":{"line":656,"column":2},"end":{"line":656,"column":null}},"227":{"start":{"line":656,"column":32},"end":{"line":656,"column":null}},"228":{"start":{"line":658,"column":76},"end":{"line":658,"column":null}},"229":{"start":{"line":659,"column":21},"end":{"line":659,"column":null}},"230":{"start":{"line":660,"column":22},"end":{"line":660,"column":null}},"231":{"start":{"line":662,"column":2},"end":{"line":741,"column":null}},"232":{"start":{"line":665,"column":6},"end":{"line":665,"column":null}},"233":{"start":{"line":666,"column":6},"end":{"line":666,"column":null}},"234":{"start":{"line":668,"column":6},"end":{"line":673,"column":null}},"235":{"start":{"line":669,"column":24},"end":{"line":669,"column":null}},"236":{"start":{"line":670,"column":26},"end":{"line":670,"column":null}},"237":{"start":{"line":671,"column":8},"end":{"line":671,"column":null}},"238":{"start":{"line":672,"column":8},"end":{"line":672,"column":null}},"239":{"start":{"line":674,"column":6},"end":{"line":674,"column":null}},"240":{"start":{"line":678,"column":6},"end":{"line":713,"column":null}},"241":{"start":{"line":680,"column":8},"end":{"line":680,"column":null}},"242":{"start":{"line":681,"column":8},"end":{"line":681,"column":null}},"243":{"start":{"line":683,"column":26},"end":{"line":683,"column":null}},"244":{"start":{"line":684,"column":24},"end":{"line":684,"column":null}},"245":{"start":{"line":685,"column":8},"end":{"line":685,"column":null}},"246":{"start":{"line":686,"column":8},"end":{"line":686,"column":null}},"247":{"start":{"line":687,"column":6},"end":{"line":713,"column":null}},"248":{"start":{"line":689,"column":8},"end":{"line":689,"column":null}},"249":{"start":{"line":690,"column":8},"end":{"line":690,"column":null}},"250":{"start":{"line":691,"column":26},"end":{"line":691,"column":null}},"251":{"start":{"line":692,"column":24},"end":{"line":692,"column":null}},"252":{"start":{"line":694,"column":8},"end":{"line":712,"column":null}},"253":{"start":{"line":696,"column":10},"end":{"line":696,"column":null}},"254":{"start":{"line":697,"column":10},"end":{"line":697,"column":null}},"255":{"start":{"line":698,"column":8},"end":{"line":712,"column":null}},"256":{"start":{"line":700,"column":10},"end":{"line":700,"column":null}},"257":{"start":{"line":701,"column":28},"end":{"line":701,"column":null}},"258":{"start":{"line":702,"column":28},"end":{"line":702,"column":null}},"259":{"start":{"line":703,"column":16},"end":{"line":703,"column":null}},"260":{"start":{"line":704,"column":16},"end":{"line":704,"column":null}},"261":{"start":{"line":705,"column":10},"end":{"line":705,"column":null}},"262":{"start":{"line":706,"column":10},"end":{"line":706,"column":null}},"263":{"start":{"line":707,"column":10},"end":{"line":707,"column":null}},"264":{"start":{"line":710,"column":10},"end":{"line":710,"column":null}},"265":{"start":{"line":711,"column":10},"end":{"line":711,"column":null}},"266":{"start":{"line":714,"column":6},"end":{"line":714,"column":null}},"267":{"start":{"line":718,"column":6},"end":{"line":718,"column":null}},"268":{"start":{"line":719,"column":6},"end":{"line":719,"column":null}},"269":{"start":{"line":721,"column":24},"end":{"line":721,"column":null}},"270":{"start":{"line":722,"column":22},"end":{"line":722,"column":null}},"271":{"start":{"line":723,"column":6},"end":{"line":723,"column":null}},"272":{"start":{"line":724,"column":6},"end":{"line":724,"column":null}},"273":{"start":{"line":725,"column":6},"end":{"line":725,"column":null}},"274":{"start":{"line":730,"column":6},"end":{"line":730,"column":null}},"275":{"start":{"line":731,"column":6},"end":{"line":731,"column":null}},"276":{"start":{"line":733,"column":6},"end":{"line":738,"column":null}},"277":{"start":{"line":734,"column":24},"end":{"line":734,"column":null}},"278":{"start":{"line":735,"column":26},"end":{"line":735,"column":null}},"279":{"start":{"line":736,"column":8},"end":{"line":736,"column":null}},"280":{"start":{"line":737,"column":8},"end":{"line":737,"column":null}},"281":{"start":{"line":739,"column":6},"end":{"line":739,"column":null}},"282":{"start":{"line":743,"column":2},"end":{"line":756,"column":null}},"283":{"start":{"line":764,"column":40},"end":{"line":772,"column":null}},"284":{"start":{"line":764,"column":59},"end":{"line":772,"column":4}},"285":{"start":{"line":774,"column":8},"end":{"line":774,"column":null}},"286":{"start":{"line":774,"column":50},"end":{"line":774,"column":65}},"287":{"start":{"line":776,"column":2},"end":{"line":784,"column":null}},"288":{"start":{"line":794,"column":23},"end":{"line":794,"column":null}},"289":{"start":{"line":796,"column":2},"end":{"line":807,"column":null}},"290":{"start":{"line":797,"column":4},"end":{"line":806,"column":null}},"291":{"start":{"line":798,"column":6},"end":{"line":800,"column":null}},"292":{"start":{"line":799,"column":8},"end":{"line":799,"column":null}},"293":{"start":{"line":801,"column":6},"end":{"line":805,"column":null}},"294":{"start":{"line":810,"column":40},"end":{"line":839,"column":null}},"295":{"start":{"line":811,"column":10},"end":{"line":811,"column":null}},"296":{"start":{"line":812,"column":18},"end":{"line":812,"column":null}},"297":{"start":{"line":815,"column":26},"end":{"line":815,"column":null}},"298":{"start":{"line":816,"column":4},"end":{"line":825,"column":null}},"299":{"start":{"line":817,"column":23},"end":{"line":817,"column":null}},"300":{"start":{"line":817,"column":55},"end":{"line":817,"column":85}},"301":{"start":{"line":818,"column":6},"end":{"line":824,"column":null}},"302":{"start":{"line":820,"column":35},"end":{"line":820,"column":null}},"303":{"start":{"line":820,"column":76},"end":{"line":820,"column":95}},"304":{"start":{"line":821,"column":8},"end":{"line":823,"column":null}},"305":{"start":{"line":822,"column":10},"end":{"line":822,"column":null}},"306":{"start":{"line":827,"column":10},"end":{"line":827,"column":null}},"307":{"start":{"line":828,"column":27},"end":{"line":828,"column":null}},"308":{"start":{"line":830,"column":4},"end":{"line":838,"column":null}},"309":{"start":{"line":841,"column":8},"end":{"line":841,"column":null}},"310":{"start":{"line":841,"column":50},"end":{"line":841,"column":65}},"311":{"start":{"line":842,"column":8},"end":{"line":842,"column":null}},"312":{"start":{"line":842,"column":55},"end":{"line":842,"column":70}},"313":{"start":{"line":843,"column":8},"end":{"line":843,"column":null}},"314":{"start":{"line":845,"column":2},"end":{"line":853,"column":null}}},"fnMap":{"0":{"name":"priceCart","decl":{"start":{"line":57,"column":16},"end":{"line":57,"column":null}},"loc":{"start":{"line":62,"column":20},"end":{"line":88,"column":null}},"line":62},"1":{"name":"validateAndNormalizeItems","decl":{"start":{"line":100,"column":9},"end":{"line":100,"column":null}},"loc":{"start":{"line":103,"column":19},"end":{"line":126,"column":null}},"line":103},"2":{"name":"(anonymous_2)","decl":{"start":{"line":105,"column":12},"end":{"line":105,"column":20}},"loc":{"start":{"line":105,"column":20},"end":{"line":105,"column":32}},"line":105},"3":{"name":"(anonymous_3)","decl":{"start":{"line":106,"column":9},"end":{"line":106,"column":17}},"loc":{"start":{"line":106,"column":17},"end":{"line":125,"column":5}},"line":106},"4":{"name":"filterActiveDeals","decl":{"start":{"line":132,"column":9},"end":{"line":132,"column":27}},"loc":{"start":{"line":132,"column":61},"end":{"line":148,"column":null}},"line":132},"5":{"name":"(anonymous_5)","decl":{"start":{"line":133,"column":22},"end":{"line":133,"column":30}},"loc":{"start":{"line":133,"column":30},"end":{"line":147,"column":3}},"line":133},"6":{"name":"initializeUnitTrackers","decl":{"start":{"line":154,"column":9},"end":{"line":154,"column":32}},"loc":{"start":{"line":154,"column":89},"end":{"line":167,"column":null}},"line":154},"7":{"name":"applyDealsGreedy","decl":{"start":{"line":178,"column":9},"end":{"line":178,"column":null}},"loc":{"start":{"line":182,"column":20},"end":{"line":211,"column":null}},"line":182},"8":{"name":"(anonymous_8)","decl":{"start":{"line":188,"column":30},"end":{"line":188,"column":38}},"loc":{"start":{"line":188,"column":38},"end":{"line":188,"column":88}},"line":188},"9":{"name":"(anonymous_9)","decl":{"start":{"line":191,"column":19},"end":{"line":191,"column":20}},"loc":{"start":{"line":191,"column":29},"end":{"line":195,"column":3}},"line":191},"10":{"name":"evaluateDeal","decl":{"start":{"line":217,"column":9},"end":{"line":217,"column":null}},"loc":{"start":{"line":221,"column":18},"end":{"line":240,"column":null}},"line":221},"11":{"name":"evaluateBundleDeal","decl":{"start":{"line":247,"column":9},"end":{"line":247,"column":null}},"loc":{"start":{"line":251,"column":18},"end":{"line":296,"column":null}},"line":251},"12":{"name":"(anonymous_12)","decl":{"start":{"line":285,"column":31},"end":{"line":285,"column":36}},"loc":{"start":{"line":285,"column":36},"end":{"line":285,"column":51}},"line":285},"13":{"name":"evaluateTieredTotalDeal","decl":{"start":{"line":307,"column":9},"end":{"line":307,"column":null}},"loc":{"start":{"line":311,"column":18},"end":{"line":424,"column":null}},"line":311},"14":{"name":"(anonymous_14)","decl":{"start":{"line":328,"column":40},"end":{"line":328,"column":45}},"loc":{"start":{"line":328,"column":45},"end":{"line":328,"column":66}},"line":328},"15":{"name":"(anonymous_15)","decl":{"start":{"line":329,"column":42},"end":{"line":329,"column":47}},"loc":{"start":{"line":329,"column":47},"end":{"line":329,"column":70}},"line":329},"16":{"name":"(anonymous_16)","decl":{"start":{"line":334,"column":14},"end":{"line":334,"column":19}},"loc":{"start":{"line":334,"column":19},"end":{"line":334,"column":40}},"line":334},"17":{"name":"(anonymous_17)","decl":{"start":{"line":335,"column":12},"end":{"line":335,"column":13}},"loc":{"start":{"line":335,"column":22},"end":{"line":335,"column":43}},"line":335},"18":{"name":"(anonymous_18)","decl":{"start":{"line":360,"column":14},"end":{"line":360,"column":19}},"loc":{"start":{"line":360,"column":19},"end":{"line":360,"column":42}},"line":360},"19":{"name":"(anonymous_19)","decl":{"start":{"line":361,"column":12},"end":{"line":361,"column":13}},"loc":{"start":{"line":361,"column":22},"end":{"line":361,"column":43}},"line":361},"20":{"name":"(anonymous_20)","decl":{"start":{"line":398,"column":45},"end":{"line":398,"column":46}},"loc":{"start":{"line":398,"column":55},"end":{"line":398,"column":76}},"line":398},"21":{"name":"evaluateThresholdUnitDeal","decl":{"start":{"line":435,"column":9},"end":{"line":435,"column":null}},"loc":{"start":{"line":439,"column":18},"end":{"line":490,"column":null}},"line":439},"22":{"name":"(anonymous_22)","decl":{"start":{"line":455,"column":43},"end":{"line":455,"column":44}},"loc":{"start":{"line":455,"column":53},"end":{"line":455,"column":74}},"line":455},"23":{"name":"evaluatePercentOffDeal","decl":{"start":{"line":496,"column":9},"end":{"line":496,"column":null}},"loc":{"start":{"line":500,"column":18},"end":{"line":551,"column":null}},"line":500},"24":{"name":"findOptimalTierCombination","decl":{"start":{"line":566,"column":9},"end":{"line":566,"column":null}},"loc":{"start":{"line":570,"column":26},"end":{"line":643,"column":null}},"line":570},"25":{"name":"(anonymous_25)","decl":{"start":{"line":628,"column":56},"end":{"line":628,"column":57}},"loc":{"start":{"line":628,"column":78},"end":{"line":631,"column":4}},"line":628},"26":{"name":"applyDeal","decl":{"start":{"line":649,"column":9},"end":{"line":649,"column":null}},"loc":{"start":{"line":653,"column":26},"end":{"line":757,"column":null}},"line":653},"27":{"name":"buildResultWithoutDeals","decl":{"start":{"line":763,"column":9},"end":{"line":763,"column":33}},"loc":{"start":{"line":763,"column":75},"end":{"line":785,"column":null}},"line":763},"28":{"name":"(anonymous_28)","decl":{"start":{"line":764,"column":50},"end":{"line":764,"column":59}},"loc":{"start":{"line":764,"column":59},"end":{"line":772,"column":4}},"line":764},"29":{"name":"(anonymous_29)","decl":{"start":{"line":774,"column":45},"end":{"line":774,"column":50}},"loc":{"start":{"line":774,"column":50},"end":{"line":774,"column":65}},"line":774},"30":{"name":"buildFinalResult","decl":{"start":{"line":787,"column":9},"end":{"line":787,"column":null}},"loc":{"start":{"line":792,"column":20},"end":{"line":854,"column":null}},"line":792},"31":{"name":"(anonymous_31)","decl":{"start":{"line":810,"column":50},"end":{"line":810,"column":58}},"loc":{"start":{"line":810,"column":58},"end":{"line":839,"column":3}},"line":810},"32":{"name":"(anonymous_32)","decl":{"start":{"line":817,"column":50},"end":{"line":817,"column":55}},"loc":{"start":{"line":817,"column":55},"end":{"line":817,"column":85}},"line":817},"33":{"name":"(anonymous_33)","decl":{"start":{"line":820,"column":64},"end":{"line":820,"column":65}},"loc":{"start":{"line":820,"column":76},"end":{"line":820,"column":95}},"line":820},"34":{"name":"(anonymous_34)","decl":{"start":{"line":841,"column":45},"end":{"line":841,"column":50}},"loc":{"start":{"line":841,"column":50},"end":{"line":841,"column":65}},"line":841},"35":{"name":"(anonymous_35)","decl":{"start":{"line":842,"column":50},"end":{"line":842,"column":55}},"loc":{"start":{"line":842,"column":55},"end":{"line":842,"column":70}},"line":842}},"branchMap":{"0":{"loc":{"start":{"line":70,"column":2},"end":{"line":72,"column":null}},"type":"if","locations":[{"start":{"line":70,"column":2},"end":{"line":72,"column":null}},{"start":{},"end":{}}],"line":70},"1":{"loc":{"start":{"line":108,"column":6},"end":{"line":117,"column":null}},"type":"if","locations":[{"start":{"line":108,"column":6},"end":{"line":117,"column":null}},{"start":{},"end":{}}],"line":108},"2":{"loc":{"start":{"line":115,"column":25},"end":{"line":115,"column":null}},"type":"binary-expr","locations":[{"start":{"line":115,"column":25},"end":{"line":115,"column":43}},{"start":{"line":115,"column":43},"end":{"line":115,"column":null}}],"line":115},"3":{"loc":{"start":{"line":134,"column":4},"end":{"line":134,"column":null}},"type":"if","locations":[{"start":{"line":134,"column":4},"end":{"line":134,"column":null}},{"start":{},"end":{}}],"line":134},"4":{"loc":{"start":{"line":136,"column":4},"end":{"line":139,"column":null}},"type":"if","locations":[{"start":{"line":136,"column":4},"end":{"line":139,"column":null}},{"start":{},"end":{}}],"line":136},"5":{"loc":{"start":{"line":138,"column":6},"end":{"line":138,"column":null}},"type":"if","locations":[{"start":{"line":138,"column":6},"end":{"line":138,"column":null}},{"start":{},"end":{}}],"line":138},"6":{"loc":{"start":{"line":141,"column":4},"end":{"line":144,"column":null}},"type":"if","locations":[{"start":{"line":141,"column":4},"end":{"line":144,"column":null}},{"start":{},"end":{}}],"line":141},"7":{"loc":{"start":{"line":143,"column":6},"end":{"line":143,"column":null}},"type":"if","locations":[{"start":{"line":143,"column":6},"end":{"line":143,"column":null}},{"start":{},"end":{}}],"line":143},"8":{"loc":{"start":{"line":199,"column":4},"end":{"line":199,"column":null}},"type":"if","locations":[{"start":{"line":199,"column":4},"end":{"line":199,"column":null}},{"start":{},"end":{}}],"line":199},"9":{"loc":{"start":{"line":199,"column":8},"end":{"line":199,"column":69}},"type":"binary-expr","locations":[{"start":{"line":199,"column":8},"end":{"line":199,"column":32}},{"start":{"line":199,"column":32},"end":{"line":199,"column":69}}],"line":199},"10":{"loc":{"start":{"line":202,"column":4},"end":{"line":207,"column":null}},"type":"if","locations":[{"start":{"line":202,"column":4},"end":{"line":207,"column":null}},{"start":{},"end":{}}],"line":202},"11":{"loc":{"start":{"line":202,"column":8},"end":{"line":202,"column":53}},"type":"binary-expr","locations":[{"start":{"line":202,"column":8},"end":{"line":202,"column":23}},{"start":{"line":202,"column":23},"end":{"line":202,"column":53}}],"line":202},"12":{"loc":{"start":{"line":222,"column":2},"end":{"line":239,"column":null}},"type":"switch","locations":[{"start":{"line":223,"column":4},"end":{"line":224,"column":null}},{"start":{"line":225,"column":4},"end":{"line":226,"column":null}},{"start":{"line":227,"column":4},"end":{"line":228,"column":null}},{"start":{"line":229,"column":4},"end":{"line":230,"column":null}},{"start":{"line":231,"column":4},"end":{"line":238,"column":null}}],"line":222},"13":{"loc":{"start":{"line":252,"column":2},"end":{"line":254,"column":null}},"type":"if","locations":[{"start":{"line":252,"column":2},"end":{"line":254,"column":null}},{"start":{},"end":{}}],"line":252},"14":{"loc":{"start":{"line":252,"column":6},"end":{"line":252,"column":61}},"type":"binary-expr","locations":[{"start":{"line":252,"column":6},"end":{"line":252,"column":36}},{"start":{"line":252,"column":36},"end":{"line":252,"column":61}}],"line":252},"15":{"loc":{"start":{"line":260,"column":4},"end":{"line":263,"column":null}},"type":"if","locations":[{"start":{"line":260,"column":4},"end":{"line":263,"column":null}},{"start":{},"end":{}}],"line":260},"16":{"loc":{"start":{"line":260,"column":8},"end":{"line":260,"column":62}},"type":"binary-expr","locations":[{"start":{"line":260,"column":8},"end":{"line":260,"column":20}},{"start":{"line":260,"column":20},"end":{"line":260,"column":62}}],"line":260},"17":{"loc":{"start":{"line":268,"column":2},"end":{"line":270,"column":null}},"type":"if","locations":[{"start":{"line":268,"column":2},"end":{"line":270,"column":null}},{"start":{},"end":{}}],"line":268},"18":{"loc":{"start":{"line":268,"column":6},"end":{"line":268,"column":47}},"type":"binary-expr","locations":[{"start":{"line":268,"column":6},"end":{"line":268,"column":24}},{"start":{"line":268,"column":24},"end":{"line":268,"column":47}}],"line":268},"19":{"loc":{"start":{"line":273,"column":2},"end":{"line":275,"column":null}},"type":"if","locations":[{"start":{"line":273,"column":2},"end":{"line":275,"column":null}},{"start":{},"end":{}}],"line":273},"20":{"loc":{"start":{"line":280,"column":18},"end":{"line":280,"column":null}},"type":"binary-expr","locations":[{"start":{"line":280,"column":18},"end":{"line":280,"column":58}},{"start":{"line":280,"column":58},"end":{"line":280,"column":null}}],"line":280},"21":{"loc":{"start":{"line":285,"column":15},"end":{"line":285,"column":null}},"type":"binary-expr","locations":[{"start":{"line":285,"column":15},"end":{"line":285,"column":56}},{"start":{"line":285,"column":56},"end":{"line":285,"column":null}}],"line":285},"22":{"loc":{"start":{"line":286,"column":20},"end":{"line":286,"column":null}},"type":"binary-expr","locations":[{"start":{"line":286,"column":20},"end":{"line":286,"column":40}},{"start":{"line":286,"column":40},"end":{"line":286,"column":null}}],"line":286},"23":{"loc":{"start":{"line":313,"column":2},"end":{"line":315,"column":null}},"type":"if","locations":[{"start":{"line":313,"column":2},"end":{"line":315,"column":null}},{"start":{},"end":{}}],"line":313},"24":{"loc":{"start":{"line":313,"column":6},"end":{"line":313,"column":61}},"type":"binary-expr","locations":[{"start":{"line":313,"column":6},"end":{"line":313,"column":36}},{"start":{"line":313,"column":36},"end":{"line":313,"column":61}}],"line":313},"25":{"loc":{"start":{"line":319,"column":2},"end":{"line":321,"column":null}},"type":"if","locations":[{"start":{"line":319,"column":2},"end":{"line":321,"column":null}},{"start":{},"end":{}}],"line":319},"26":{"loc":{"start":{"line":319,"column":6},"end":{"line":319,"column":48}},"type":"binary-expr","locations":[{"start":{"line":319,"column":6},"end":{"line":319,"column":18}},{"start":{"line":319,"column":18},"end":{"line":319,"column":48}}],"line":319},"27":{"loc":{"start":{"line":324,"column":20},"end":{"line":324,"column":null}},"type":"binary-expr","locations":[{"start":{"line":324,"column":20},"end":{"line":324,"column":52}},{"start":{"line":324,"column":52},"end":{"line":324,"column":null}}],"line":324},"28":{"loc":{"start":{"line":331,"column":2},"end":{"line":355,"column":null}},"type":"if","locations":[{"start":{"line":331,"column":2},"end":{"line":355,"column":null}},{"start":{},"end":{}}],"line":331},"29":{"loc":{"start":{"line":338,"column":6},"end":{"line":351,"column":null}},"type":"if","locations":[{"start":{"line":338,"column":6},"end":{"line":351,"column":null}},{"start":{},"end":{}}],"line":338},"30":{"loc":{"start":{"line":338,"column":10},"end":{"line":338,"column":81}},"type":"binary-expr","locations":[{"start":{"line":338,"column":10},"end":{"line":338,"column":34}},{"start":{"line":338,"column":34},"end":{"line":338,"column":59}},{"start":{"line":338,"column":59},"end":{"line":338,"column":81}}],"line":338},"31":{"loc":{"start":{"line":342,"column":8},"end":{"line":350,"column":null}},"type":"if","locations":[{"start":{"line":342,"column":8},"end":{"line":350,"column":null}},{"start":{},"end":{}}],"line":342},"32":{"loc":{"start":{"line":357,"column":2},"end":{"line":380,"column":null}},"type":"if","locations":[{"start":{"line":357,"column":2},"end":{"line":380,"column":null}},{"start":{},"end":{}}],"line":357},"33":{"loc":{"start":{"line":364,"column":6},"end":{"line":376,"column":null}},"type":"if","locations":[{"start":{"line":364,"column":6},"end":{"line":376,"column":null}},{"start":{},"end":{}}],"line":364},"34":{"loc":{"start":{"line":364,"column":10},"end":{"line":364,"column":81}},"type":"binary-expr","locations":[{"start":{"line":364,"column":10},"end":{"line":364,"column":34}},{"start":{"line":364,"column":34},"end":{"line":364,"column":59}},{"start":{"line":364,"column":59},"end":{"line":364,"column":81}}],"line":364},"35":{"loc":{"start":{"line":367,"column":8},"end":{"line":375,"column":null}},"type":"if","locations":[{"start":{"line":367,"column":8},"end":{"line":375,"column":null}},{"start":{},"end":{}}],"line":367},"36":{"loc":{"start":{"line":383,"column":2},"end":{"line":421,"column":null}},"type":"if","locations":[{"start":{"line":383,"column":2},"end":{"line":421,"column":null}},{"start":{"line":396,"column":9},"end":{"line":421,"column":null}}],"line":383},"37":{"loc":{"start":{"line":386,"column":4},"end":{"line":395,"column":null}},"type":"if","locations":[{"start":{"line":386,"column":4},"end":{"line":395,"column":null}},{"start":{},"end":{}}],"line":386},"38":{"loc":{"start":{"line":386,"column":8},"end":{"line":386,"column":51}},"type":"binary-expr","locations":[{"start":{"line":386,"column":8},"end":{"line":386,"column":19}},{"start":{"line":386,"column":19},"end":{"line":386,"column":51}}],"line":386},"39":{"loc":{"start":{"line":401,"column":6},"end":{"line":419,"column":null}},"type":"if","locations":[{"start":{"line":401,"column":6},"end":{"line":419,"column":null}},{"start":{},"end":{}}],"line":401},"40":{"loc":{"start":{"line":401,"column":10},"end":{"line":401,"column":81}},"type":"binary-expr","locations":[{"start":{"line":401,"column":10},"end":{"line":401,"column":34}},{"start":{"line":401,"column":34},"end":{"line":401,"column":59}},{"start":{"line":401,"column":59},"end":{"line":401,"column":81}}],"line":401},"41":{"loc":{"start":{"line":402,"column":26},"end":{"line":402,"column":null}},"type":"binary-expr","locations":[{"start":{"line":402,"column":26},"end":{"line":402,"column":46}},{"start":{"line":402,"column":46},"end":{"line":402,"column":null}}],"line":402},"42":{"loc":{"start":{"line":405,"column":8},"end":{"line":418,"column":null}},"type":"if","locations":[{"start":{"line":405,"column":8},"end":{"line":418,"column":null}},{"start":{},"end":{}}],"line":405},"43":{"loc":{"start":{"line":407,"column":10},"end":{"line":409,"column":null}},"type":"if","locations":[{"start":{"line":407,"column":10},"end":{"line":409,"column":null}},{"start":{},"end":{}}],"line":407},"44":{"loc":{"start":{"line":440,"column":2},"end":{"line":442,"column":null}},"type":"if","locations":[{"start":{"line":440,"column":2},"end":{"line":442,"column":null}},{"start":{},"end":{}}],"line":440},"45":{"loc":{"start":{"line":440,"column":6},"end":{"line":440,"column":61}},"type":"binary-expr","locations":[{"start":{"line":440,"column":6},"end":{"line":440,"column":36}},{"start":{"line":440,"column":36},"end":{"line":440,"column":61}}],"line":440},"46":{"loc":{"start":{"line":446,"column":2},"end":{"line":448,"column":null}},"type":"if","locations":[{"start":{"line":446,"column":2},"end":{"line":448,"column":null}},{"start":{},"end":{}}],"line":446},"47":{"loc":{"start":{"line":446,"column":6},"end":{"line":446,"column":48}},"type":"binary-expr","locations":[{"start":{"line":446,"column":6},"end":{"line":446,"column":18}},{"start":{"line":446,"column":18},"end":{"line":446,"column":48}}],"line":446},"48":{"loc":{"start":{"line":451,"column":20},"end":{"line":451,"column":null}},"type":"binary-expr","locations":[{"start":{"line":451,"column":20},"end":{"line":451,"column":52}},{"start":{"line":451,"column":52},"end":{"line":451,"column":null}}],"line":451},"49":{"loc":{"start":{"line":458,"column":4},"end":{"line":458,"column":null}},"type":"if","locations":[{"start":{"line":458,"column":4},"end":{"line":458,"column":null}},{"start":{},"end":{}}],"line":458},"50":{"loc":{"start":{"line":459,"column":4},"end":{"line":459,"column":null}},"type":"if","locations":[{"start":{"line":459,"column":4},"end":{"line":459,"column":null}},{"start":{},"end":{}}],"line":459},"51":{"loc":{"start":{"line":459,"column":8},"end":{"line":459,"column":53}},"type":"binary-expr","locations":[{"start":{"line":459,"column":8},"end":{"line":459,"column":33}},{"start":{"line":459,"column":33},"end":{"line":459,"column":53}}],"line":459},"52":{"loc":{"start":{"line":463,"column":4},"end":{"line":474,"column":null}},"type":"if","locations":[{"start":{"line":463,"column":4},"end":{"line":474,"column":null}},{"start":{"line":466,"column":4},"end":{"line":474,"column":null}}],"line":463},"53":{"loc":{"start":{"line":466,"column":4},"end":{"line":474,"column":null}},"type":"if","locations":[{"start":{"line":466,"column":4},"end":{"line":474,"column":null}},{"start":{"line":469,"column":4},"end":{"line":474,"column":null}}],"line":466},"54":{"loc":{"start":{"line":469,"column":4},"end":{"line":474,"column":null}},"type":"if","locations":[{"start":{"line":469,"column":4},"end":{"line":474,"column":null}},{"start":{"line":472,"column":11},"end":{"line":474,"column":null}}],"line":469},"55":{"loc":{"start":{"line":478,"column":4},"end":{"line":486,"column":null}},"type":"if","locations":[{"start":{"line":478,"column":4},"end":{"line":486,"column":null}},{"start":{},"end":{}}],"line":478},"56":{"loc":{"start":{"line":501,"column":2},"end":{"line":503,"column":null}},"type":"if","locations":[{"start":{"line":501,"column":2},"end":{"line":503,"column":null}},{"start":{},"end":{}}],"line":501},"57":{"loc":{"start":{"line":501,"column":6},"end":{"line":501,"column":61}},"type":"binary-expr","locations":[{"start":{"line":501,"column":6},"end":{"line":501,"column":36}},{"start":{"line":501,"column":36},"end":{"line":501,"column":61}}],"line":501},"58":{"loc":{"start":{"line":511,"column":4},"end":{"line":514,"column":null}},"type":"if","locations":[{"start":{"line":511,"column":4},"end":{"line":514,"column":null}},{"start":{},"end":{}}],"line":511},"59":{"loc":{"start":{"line":511,"column":8},"end":{"line":511,"column":62}},"type":"binary-expr","locations":[{"start":{"line":511,"column":8},"end":{"line":511,"column":20}},{"start":{"line":511,"column":20},"end":{"line":511,"column":62}}],"line":511},"60":{"loc":{"start":{"line":515,"column":18},"end":{"line":515,"column":null}},"type":"binary-expr","locations":[{"start":{"line":515,"column":18},"end":{"line":515,"column":58}},{"start":{"line":515,"column":58},"end":{"line":515,"column":null}}],"line":515},"61":{"loc":{"start":{"line":520,"column":2},"end":{"line":522,"column":null}},"type":"if","locations":[{"start":{"line":520,"column":2},"end":{"line":522,"column":null}},{"start":{},"end":{}}],"line":520},"62":{"loc":{"start":{"line":525,"column":2},"end":{"line":527,"column":null}},"type":"if","locations":[{"start":{"line":525,"column":2},"end":{"line":527,"column":null}},{"start":{},"end":{}}],"line":525},"63":{"loc":{"start":{"line":532,"column":2},"end":{"line":542,"column":null}},"type":"if","locations":[{"start":{"line":532,"column":2},"end":{"line":542,"column":null}},{"start":{"line":534,"column":2},"end":{"line":542,"column":null}}],"line":532},"64":{"loc":{"start":{"line":534,"column":2},"end":{"line":542,"column":null}},"type":"if","locations":[{"start":{"line":534,"column":2},"end":{"line":542,"column":null}},{"start":{},"end":{}}],"line":534},"65":{"loc":{"start":{"line":541,"column":15},"end":{"line":541,"column":null}},"type":"cond-expr","locations":[{"start":{"line":541,"column":48},"end":{"line":541,"column":52}},{"start":{"line":541,"column":52},"end":{"line":541,"column":null}}],"line":541},"66":{"loc":{"start":{"line":571,"column":2},"end":{"line":571,"column":null}},"type":"if","locations":[{"start":{"line":571,"column":2},"end":{"line":571,"column":null}},{"start":{},"end":{}}],"line":571},"67":{"loc":{"start":{"line":571,"column":6},"end":{"line":571,"column":39}},"type":"binary-expr","locations":[{"start":{"line":571,"column":6},"end":{"line":571,"column":28}},{"start":{"line":571,"column":28},"end":{"line":571,"column":39}}],"line":571},"68":{"loc":{"start":{"line":583,"column":4},"end":{"line":586,"column":null}},"type":"if","locations":[{"start":{"line":583,"column":4},"end":{"line":586,"column":null}},{"start":{},"end":{}}],"line":583},"69":{"loc":{"start":{"line":590,"column":6},"end":{"line":590,"column":null}},"type":"if","locations":[{"start":{"line":590,"column":6},"end":{"line":590,"column":null}},{"start":{},"end":{}}],"line":590},"70":{"loc":{"start":{"line":591,"column":6},"end":{"line":591,"column":null}},"type":"if","locations":[{"start":{"line":591,"column":6},"end":{"line":591,"column":null}},{"start":{},"end":{}}],"line":591},"71":{"loc":{"start":{"line":594,"column":6},"end":{"line":594,"column":null}},"type":"if","locations":[{"start":{"line":594,"column":6},"end":{"line":594,"column":null}},{"start":{},"end":{}}],"line":594},"72":{"loc":{"start":{"line":597,"column":6},"end":{"line":600,"column":null}},"type":"if","locations":[{"start":{"line":597,"column":6},"end":{"line":600,"column":null}},{"start":{},"end":{}}],"line":597},"73":{"loc":{"start":{"line":604,"column":2},"end":{"line":604,"column":null}},"type":"if","locations":[{"start":{"line":604,"column":2},"end":{"line":604,"column":null}},{"start":{},"end":{}}],"line":604},"74":{"loc":{"start":{"line":613,"column":4},"end":{"line":625,"column":null}},"type":"if","locations":[{"start":{"line":613,"column":4},"end":{"line":625,"column":null}},{"start":{"line":617,"column":11},"end":{"line":625,"column":null}}],"line":613},"75":{"loc":{"start":{"line":619,"column":6},"end":{"line":623,"column":null}},"type":"if","locations":[{"start":{"line":619,"column":6},"end":{"line":623,"column":null}},{"start":{"line":621,"column":13},"end":{"line":623,"column":null}}],"line":619},"76":{"loc":{"start":{"line":656,"column":2},"end":{"line":656,"column":null}},"type":"if","locations":[{"start":{"line":656,"column":2},"end":{"line":656,"column":null}},{"start":{},"end":{}}],"line":656},"77":{"loc":{"start":{"line":662,"column":2},"end":{"line":741,"column":null}},"type":"switch","locations":[{"start":{"line":663,"column":4},"end":{"line":675,"column":null}},{"start":{"line":677,"column":4},"end":{"line":715,"column":null}},{"start":{"line":717,"column":4},"end":{"line":726,"column":null}},{"start":{"line":728,"column":4},"end":{"line":740,"column":null}}],"line":662},"78":{"loc":{"start":{"line":678,"column":6},"end":{"line":713,"column":null}},"type":"if","locations":[{"start":{"line":678,"column":6},"end":{"line":713,"column":null}},{"start":{"line":687,"column":6},"end":{"line":713,"column":null}}],"line":678},"79":{"loc":{"start":{"line":687,"column":6},"end":{"line":713,"column":null}},"type":"if","locations":[{"start":{"line":687,"column":6},"end":{"line":713,"column":null}},{"start":{},"end":{}}],"line":687},"80":{"loc":{"start":{"line":694,"column":8},"end":{"line":712,"column":null}},"type":"if","locations":[{"start":{"line":694,"column":8},"end":{"line":712,"column":null}},{"start":{"line":698,"column":8},"end":{"line":712,"column":null}}],"line":694},"81":{"loc":{"start":{"line":694,"column":12},"end":{"line":694,"column":76}},"type":"binary-expr","locations":[{"start":{"line":694,"column":12},"end":{"line":694,"column":44}},{"start":{"line":694,"column":44},"end":{"line":694,"column":76}}],"line":694},"82":{"loc":{"start":{"line":698,"column":8},"end":{"line":712,"column":null}},"type":"if","locations":[{"start":{"line":698,"column":8},"end":{"line":712,"column":null}},{"start":{"line":708,"column":15},"end":{"line":712,"column":null}}],"line":698},"83":{"loc":{"start":{"line":698,"column":19},"end":{"line":698,"column":86}},"type":"binary-expr","locations":[{"start":{"line":698,"column":19},"end":{"line":698,"column":55}},{"start":{"line":698,"column":55},"end":{"line":698,"column":86}}],"line":698},"84":{"loc":{"start":{"line":702,"column":28},"end":{"line":702,"column":null}},"type":"binary-expr","locations":[{"start":{"line":702,"column":28},"end":{"line":702,"column":60}},{"start":{"line":702,"column":60},"end":{"line":702,"column":null}}],"line":702},"85":{"loc":{"start":{"line":747,"column":14},"end":{"line":753,"column":null}},"type":"cond-expr","locations":[{"start":{"line":747,"column":25},"end":{"line":753,"column":8}},{"start":{"line":753,"column":8},"end":{"line":753,"column":null}}],"line":747},"86":{"loc":{"start":{"line":798,"column":6},"end":{"line":800,"column":null}},"type":"if","locations":[{"start":{"line":798,"column":6},"end":{"line":800,"column":null}},{"start":{},"end":{}}],"line":798},"87":{"loc":{"start":{"line":812,"column":18},"end":{"line":812,"column":null}},"type":"binary-expr","locations":[{"start":{"line":812,"column":18},"end":{"line":812,"column":54}},{"start":{"line":812,"column":54},"end":{"line":812,"column":null}}],"line":812},"88":{"loc":{"start":{"line":818,"column":6},"end":{"line":824,"column":null}},"type":"if","locations":[{"start":{"line":818,"column":6},"end":{"line":824,"column":null}},{"start":{},"end":{}}],"line":818},"89":{"loc":{"start":{"line":821,"column":8},"end":{"line":823,"column":null}},"type":"if","locations":[{"start":{"line":821,"column":8},"end":{"line":823,"column":null}},{"start":{},"end":{}}],"line":821},"90":{"loc":{"start":{"line":828,"column":27},"end":{"line":828,"column":null}},"type":"cond-expr","locations":[{"start":{"line":828,"column":38},"end":{"line":828,"column":78}},{"start":{"line":828,"column":78},"end":{"line":828,"column":null}}],"line":828}},"s":{"0":27,"1":27,"2":27,"3":8,"4":19,"5":19,"6":19,"7":19,"8":27,"9":32,"10":30,"11":30,"12":0,"13":0,"14":30,"15":27,"16":22,"17":1,"18":21,"19":2,"20":2,"21":1,"22":20,"23":1,"24":1,"25":1,"26":19,"27":19,"28":19,"29":22,"30":19,"31":19,"32":19,"33":19,"34":19,"35":19,"36":19,"37":0,"38":0,"39":0,"40":19,"41":19,"42":2,"43":17,"44":17,"45":17,"46":19,"47":19,"48":5,"49":8,"50":4,"51":2,"52":0,"53":5,"54":0,"55":5,"56":5,"57":9,"58":9,"59":1,"60":1,"61":8,"62":8,"63":5,"64":1,"65":4,"66":1,"67":4,"68":4,"69":7,"70":7,"71":4,"72":4,"73":5,"74":5,"75":5,"76":8,"77":0,"78":8,"79":8,"80":8,"81":0,"82":8,"83":8,"84":8,"85":8,"86":12,"87":8,"88":12,"89":8,"90":2,"91":4,"92":2,"93":2,"94":3,"95":2,"96":2,"97":2,"98":2,"99":0,"100":6,"101":2,"102":4,"103":2,"104":2,"105":3,"106":2,"107":2,"108":2,"109":0,"110":4,"111":3,"112":3,"113":3,"114":1,"115":0,"116":1,"117":1,"118":1,"119":1,"120":1,"121":1,"122":1,"123":1,"124":1,"125":0,"126":4,"127":0,"128":4,"129":4,"130":4,"131":0,"132":4,"133":4,"134":4,"135":4,"136":0,"137":4,"138":4,"139":1,"140":3,"141":0,"142":3,"143":1,"144":2,"145":1,"146":1,"147":1,"148":0,"149":3,"150":3,"151":3,"152":1,"153":2,"154":0,"155":2,"156":2,"157":2,"158":2,"159":2,"160":0,"161":0,"162":2,"163":2,"164":2,"165":0,"166":2,"167":2,"168":0,"169":2,"170":2,"171":2,"172":0,"173":2,"174":0,"175":0,"176":0,"177":0,"178":0,"179":2,"180":3,"181":0,"182":3,"183":3,"184":3,"185":3,"186":3,"187":3,"188":9,"189":9,"190":9,"191":9,"192":9,"193":17,"194":0,"195":17,"196":4,"197":13,"198":13,"199":0,"200":13,"201":13,"202":11,"203":11,"204":3,"205":0,"206":3,"207":3,"208":3,"209":3,"210":5,"211":5,"212":0,"213":0,"214":5,"215":5,"216":1,"217":4,"218":5,"219":3,"220":4,"221":3,"222":3,"223":3,"224":3,"225":17,"226":17,"227":0,"228":17,"229":17,"230":17,"231":17,"232":4,"233":4,"234":4,"235":7,"236":7,"237":7,"238":7,"239":4,"240":8,"241":3,"242":3,"243":3,"244":3,"245":3,"246":3,"247":5,"248":5,"249":5,"250":5,"251":5,"252":5,"253":4,"254":4,"255":1,"256":1,"257":1,"258":1,"259":1,"260":1,"261":1,"262":1,"263":1,"264":0,"265":0,"266":8,"267":3,"268":3,"269":3,"270":3,"271":3,"272":3,"273":3,"274":2,"275":2,"276":2,"277":2,"278":2,"279":2,"280":2,"281":2,"282":17,"283":8,"284":8,"285":8,"286":8,"287":8,"288":19,"289":19,"290":17,"291":20,"292":20,"293":20,"294":19,"295":22,"296":22,"297":22,"298":22,"299":20,"300":23,"301":20,"302":20,"303":26,"304":20,"305":20,"306":22,"307":22,"308":22,"309":19,"310":22,"311":19,"312":17,"313":19,"314":19},"f":{"0":27,"1":27,"2":32,"3":30,"4":27,"5":22,"6":19,"7":19,"8":19,"9":0,"10":19,"11":5,"12":4,"13":8,"14":12,"15":12,"16":4,"17":2,"18":4,"19":2,"20":0,"21":4,"22":0,"23":2,"24":3,"25":4,"26":17,"27":8,"28":8,"29":8,"30":19,"31":22,"32":23,"33":26,"34":22,"35":17},"b":{"0":[8,19],"1":[0,30],"2":[0,0],"3":[1,21],"4":[2,19],"5":[1,1],"6":[1,19],"7":[1,0],"8":[2,17],"9":[19,17],"10":[17,0],"11":[17,17],"12":[5,8,4,2,0],"13":[0,5],"14":[5,5],"15":[1,8],"16":[9,8],"17":[1,4],"18":[5,4],"19":[1,3],"20":[7,0],"21":[4,0],"22":[5,0],"23":[0,8],"24":[8,8],"25":[0,8],"26":[8,8],"27":[8,0],"28":[2,6],"29":[2,1],"30":[3,2,0],"31":[2,0],"32":[2,4],"33":[2,1],"34":[3,2,0],"35":[2,0],"36":[3,1],"37":[3,0],"38":[3,3],"39":[1,0],"40":[1,1,0],"41":[1,0],"42":[1,0],"43":[1,0],"44":[0,4],"45":[4,4],"46":[0,4],"47":[4,4],"48":[4,0],"49":[1,3],"50":[0,3],"51":[3,0],"52":[1,2],"53":[1,1],"54":[1,0],"55":[3,0],"56":[0,2],"57":[2,2],"58":[0,2],"59":[2,2],"60":[2,0],"61":[0,2],"62":[0,2],"63":[0,2],"64":[0,2],"65":[0,0],"66":[0,3],"67":[3,3],"68":[9,0],"69":[0,17],"70":[4,13],"71":[0,13],"72":[11,2],"73":[0,3],"74":[0,5],"75":[1,4],"76":[0,17],"77":[4,8,3,2],"78":[3,5],"79":[5,0],"80":[4,1],"81":[5,3],"82":[1,0],"83":[1,1],"84":[1,0],"85":[14,3],"86":[20,0],"87":[22,2],"88":[20,0],"89":[20,0],"90":[22,0]},"meta":{"lastBranch":91,"lastFunction":36,"lastStatement":315,"seen":{"f:57:16:57:Infinity":0,"s:64:25:64:Infinity":0,"s:67:22:67:Infinity":1,"b:70:2:72:Infinity:undefined:undefined:undefined:undefined":0,"s:70:2:72:Infinity":2,"s:71:4:71:Infinity":3,"s:74:2:74:Infinity":4,"s:77:23:77:Infinity":5,"s:80:46:84:Infinity":6,"s:87:2:87:Infinity":7,"f:100:9:100:Infinity":1,"s:104:2:125:Infinity":8,"f:105:12:105:20":2,"s:105:20:105:32":9,"f:106:9:106:17":3,"s:107:22:107:Infinity":10,"b:108:6:117:Infinity:undefined:undefined:undefined:undefined":1,"s:108:6:117:Infinity":11,"s:111:8:111:Infinity":12,"s:112:8:116:Infinity":13,"b:115:25:115:43:115:43:115:Infinity":2,"s:120:6:124:Infinity":14,"f:132:9:132:27":4,"s:133:2:147:Infinity":15,"f:133:22:133:30":5,"b:134:4:134:Infinity:undefined:undefined:undefined:undefined":3,"s:134:4:134:Infinity":16,"s:134:25:134:Infinity":17,"b:136:4:139:Infinity:undefined:undefined:undefined:undefined":4,"s:136:4:139:Infinity":18,"s:137:23:137:Infinity":19,"b:138:6:138:Infinity:undefined:undefined:undefined:undefined":5,"s:138:6:138:Infinity":20,"s:138:26:138:Infinity":21,"b:141:4:144:Infinity:undefined:undefined:undefined:undefined":6,"s:141:4:144:Infinity":22,"s:142:21:142:Infinity":23,"b:143:6:143:Infinity:undefined:undefined:undefined:undefined":7,"s:143:6:143:Infinity":24,"s:143:24:143:Infinity":25,"s:146:4:146:Infinity":26,"f:154:9:154:32":6,"s:155:19:155:Infinity":27,"s:157:2:164:Infinity":28,"s:158:4:163:Infinity":29,"s:166:2:166:Infinity":30,"f:178:9:178:Infinity":7,"s:183:42:183:Infinity":31,"s:184:8:184:Infinity":32,"s:185:26:185:Infinity":33,"s:188:20:188:Infinity":34,"f:188:30:188:38":8,"s:188:38:188:88":35,"s:191:2:195:Infinity":36,"f:191:19:191:20":9,"s:192:22:192:Infinity":37,"s:193:22:193:Infinity":38,"s:194:4:194:Infinity":39,"s:198:2:208:Infinity":40,"b:199:4:199:Infinity:undefined:undefined:undefined:undefined":8,"s:199:4:199:Infinity":41,"b:199:8:199:32:199:32:199:69":9,"s:199:69:199:Infinity":42,"s:201:24:201:Infinity":43,"b:202:4:207:Infinity:undefined:undefined:undefined:undefined":10,"s:202:4:207:Infinity":44,"b:202:8:202:23:202:23:202:53":11,"s:203:6:203:Infinity":45,"s:210:2:210:Infinity":46,"f:217:9:217:Infinity":10,"b:223:4:224:Infinity:225:4:226:Infinity:227:4:228:Infinity:229:4:230:Infinity:231:4:238:Infinity":12,"s:222:2:239:Infinity":47,"s:224:6:224:Infinity":48,"s:226:6:226:Infinity":49,"s:228:6:228:Infinity":50,"s:230:6:230:Infinity":51,"s:232:6:238:Infinity":52,"f:247:9:247:Infinity":11,"b:252:2:254:Infinity:undefined:undefined:undefined:undefined":13,"s:252:2:254:Infinity":53,"b:252:6:252:36:252:36:252:61":14,"s:253:4:253:Infinity":54,"s:257:17:257:Infinity":55,"s:258:2:266:Infinity":56,"s:259:20:259:Infinity":57,"b:260:4:263:Infinity:undefined:undefined:undefined:undefined":15,"s:260:4:263:Infinity":58,"b:260:8:260:20:260:20:260:62":16,"s:261:6:261:Infinity":59,"s:262:6:262:Infinity":60,"s:264:32:264:Infinity":61,"s:265:4:265:Infinity":62,"b:268:2:270:Infinity:undefined:undefined:undefined:undefined":17,"s:268:2:270:Infinity":63,"b:268:6:268:24:268:24:268:47":18,"s:269:4:269:Infinity":64,"b:273:2:275:Infinity:undefined:undefined:undefined:undefined":19,"s:273:2:275:Infinity":65,"s:274:4:274:Infinity":66,"s:278:24:278:Infinity":67,"s:279:2:282:Infinity":68,"s:280:18:280:Infinity":69,"b:280:18:280:58:280:58:280:Infinity":20,"s:281:4:281:Infinity":70,"s:285:15:285:Infinity":71,"b:285:15:285:56:285:56:285:Infinity":21,"f:285:31:285:36":12,"s:285:36:285:51":72,"s:286:20:286:Infinity":73,"b:286:20:286:40:286:40:286:Infinity":22,"s:287:8:287:Infinity":74,"s:289:2:295:Infinity":75,"f:307:9:307:Infinity":13,"b:313:2:315:Infinity:undefined:undefined:undefined:undefined":23,"s:313:2:315:Infinity":76,"b:313:6:313:36:313:36:313:61":24,"s:314:4:314:Infinity":77,"s:317:20:317:Infinity":78,"s:318:18:318:Infinity":79,"b:319:2:321:Infinity:undefined:undefined:undefined:undefined":25,"s:319:2:321:Infinity":80,"b:319:6:319:18:319:18:319:48":26,"s:320:4:320:Infinity":81,"s:323:14:323:Infinity":82,"s:324:20:324:Infinity":83,"b:324:20:324:52:324:52:324:Infinity":27,"s:325:8:325:Infinity":84,"s:328:24:328:Infinity":85,"f:328:40:328:45":14,"s:328:45:328:66":86,"s:329:26:329:Infinity":87,"f:329:42:329:47":15,"s:329:47:329:70":88,"b:331:2:355:Infinity:undefined:undefined:undefined:undefined":28,"s:331:2:355:Infinity":89,"s:333:24:335:Infinity":90,"f:334:14:334:19":16,"s:334:19:334:40":91,"f:335:12:335:13":17,"s:335:22:335:43":92,"s:337:4:352:Infinity":93,"b:338:6:351:Infinity:undefined:undefined:undefined:undefined":29,"s:338:6:351:Infinity":94,"b:338:10:338:34:338:34:338:59:338:59:338:81":30,"s:339:14:339:Infinity":95,"s:340:14:340:Infinity":96,"b:342:8:350:Infinity:undefined:undefined:undefined:undefined":31,"s:342:8:350:Infinity":97,"s:343:10:349:Infinity":98,"s:354:4:354:Infinity":99,"b:357:2:380:Infinity:undefined:undefined:undefined:undefined":32,"s:357:2:380:Infinity":100,"s:359:24:361:Infinity":101,"f:360:14:360:19":18,"s:360:19:360:42":102,"f:361:12:361:13":19,"s:361:22:361:43":103,"s:363:4:377:Infinity":104,"b:364:6:376:Infinity:undefined:undefined:undefined:undefined":33,"s:364:6:376:Infinity":105,"b:364:10:364:34:364:34:364:59:364:59:364:81":34,"s:365:14:365:Infinity":106,"b:367:8:375:Infinity:undefined:undefined:undefined:undefined":35,"s:367:8:375:Infinity":107,"s:368:10:374:Infinity":108,"s:379:4:379:Infinity":109,"b:383:2:421:Infinity:396:9:421:Infinity":36,"s:383:2:421:Infinity":110,"s:385:20:385:Infinity":111,"b:386:4:395:Infinity:undefined:undefined:undefined:undefined":37,"s:386:4:395:Infinity":112,"b:386:8:386:19:386:19:386:51":38,"s:387:6:394:Infinity":113,"s:398:24:398:Infinity":114,"f:398:45:398:46":20,"s:398:55:398:76":115,"s:400:4:420:Infinity":116,"b:401:6:419:Infinity:undefined:undefined:undefined:undefined":39,"s:401:6:419:Infinity":117,"b:401:10:401:34:401:34:401:59:401:59:401:81":40,"s:402:26:402:Infinity":118,"b:402:26:402:46:402:46:402:Infinity":41,"s:403:14:403:Infinity":119,"b:405:8:418:Infinity:undefined:undefined:undefined:undefined":42,"s:405:8:418:Infinity":120,"s:406:25:406:Infinity":121,"b:407:10:409:Infinity:undefined:undefined:undefined:undefined":43,"s:407:10:409:Infinity":122,"s:408:12:408:Infinity":123,"s:411:10:417:Infinity":124,"s:423:2:423:Infinity":125,"f:435:9:435:Infinity":21,"b:440:2:442:Infinity:undefined:undefined:undefined:undefined":44,"s:440:2:442:Infinity":126,"b:440:6:440:36:440:36:440:61":45,"s:441:4:441:Infinity":127,"s:444:20:444:Infinity":128,"s:445:18:445:Infinity":129,"b:446:2:448:Infinity:undefined:undefined:undefined:undefined":46,"s:446:2:448:Infinity":130,"b:446:6:446:18:446:18:446:48":47,"s:447:4:447:Infinity":131,"s:450:14:450:Infinity":132,"s:451:20:451:Infinity":133,"b:451:20:451:52:451:52:451:Infinity":48,"s:452:8:452:Infinity":134,"s:455:22:455:Infinity":135,"f:455:43:455:44":22,"s:455:53:455:74":136,"s:457:2:487:Infinity":137,"b:458:4:458:Infinity:undefined:undefined:undefined:undefined":49,"s:458:4:458:Infinity":138,"s:458:28:458:Infinity":139,"b:459:4:459:Infinity:undefined:undefined:undefined:undefined":50,"s:459:4:459:Infinity":140,"b:459:8:459:33:459:33:459:53":51,"s:459:53:459:Infinity":141,"b:463:4:474:Infinity:466:4:474:Infinity":52,"s:463:4:474:Infinity":142,"s:465:6:465:Infinity":143,"b:466:4:474:Infinity:469:4:474:Infinity":53,"s:466:4:474:Infinity":144,"s:468:6:468:Infinity":145,"b:469:4:474:Infinity:472:11:474:Infinity":54,"s:469:4:474:Infinity":146,"s:471:6:471:Infinity":147,"s:473:6:473:Infinity":148,"s:476:10:476:Infinity":149,"b:478:4:486:Infinity:undefined:undefined:undefined:undefined":55,"s:478:4:486:Infinity":150,"s:479:6:485:Infinity":151,"s:489:2:489:Infinity":152,"f:496:9:496:Infinity":23,"b:501:2:503:Infinity:undefined:undefined:undefined:undefined":56,"s:501:2:503:Infinity":153,"b:501:6:501:36:501:36:501:61":57,"s:502:4:502:Infinity":154,"s:506:23:506:Infinity":155,"s:507:29:507:Infinity":156,"s:509:2:518:Infinity":157,"s:510:20:510:Infinity":158,"b:511:4:514:Infinity:undefined:undefined:undefined:undefined":58,"s:511:4:514:Infinity":159,"b:511:8:511:20:511:20:511:62":59,"s:512:6:512:Infinity":160,"s:513:6:513:Infinity":161,"s:515:18:515:Infinity":162,"b:515:18:515:58:515:58:515:Infinity":60,"s:517:4:517:Infinity":163,"b:520:2:522:Infinity:undefined:undefined:undefined:undefined":61,"s:520:2:522:Infinity":164,"s:521:4:521:Infinity":165,"s:524:15:524:Infinity":166,"b:525:2:527:Infinity:undefined:undefined:undefined:undefined":62,"s:525:2:527:Infinity":167,"s:526:4:526:Infinity":168,"s:529:8:529:Infinity":169,"s:531:17:531:Infinity":170,"b:532:2:542:Infinity:534:2:542:Infinity":63,"s:532:2:542:Infinity":171,"s:533:4:533:Infinity":172,"b:534:2:542:Infinity:undefined:undefined:undefined:undefined":64,"s:534:2:542:Infinity":173,"s:536:28:536:Infinity":174,"s:537:4:540:Infinity":175,"s:538:22:538:Infinity":176,"s:539:6:539:Infinity":177,"s:541:4:541:Infinity":178,"b:541:48:541:52:541:52:541:Infinity":65,"s:544:2:550:Infinity":179,"f:566:9:566:Infinity":24,"b:571:2:571:Infinity:undefined:undefined:undefined:undefined":66,"s:571:2:571:Infinity":180,"b:571:6:571:28:571:28:571:39":67,"s:571:39:571:Infinity":181,"s:574:14:574:Infinity":182,"s:575:23:575:Infinity":183,"s:576:68:576:Infinity":184,"s:578:2:578:Infinity":185,"s:580:2:602:Infinity":186,"s:580:15:580:18":187,"s:582:21:582:Infinity":188,"b:583:4:586:Infinity:undefined:undefined:undefined:undefined":68,"s:583:4:586:Infinity":189,"s:584:6:584:Infinity":190,"s:585:6:585:Infinity":191,"s:589:4:601:Infinity":192,"b:590:6:590:Infinity:undefined:undefined:undefined:undefined":69,"s:590:6:590:Infinity":193,"s:590:37:590:Infinity":194,"b:591:6:591:Infinity:undefined:undefined:undefined:undefined":70,"s:591:6:591:Infinity":195,"s:591:28:591:Infinity":196,"s:593:20:593:Infinity":197,"b:594:6:594:Infinity:undefined:undefined:undefined:undefined":71,"s:594:6:594:Infinity":198,"s:594:21:594:Infinity":199,"s:596:27:596:Infinity":200,"b:597:6:600:Infinity:undefined:undefined:undefined:undefined":72,"s:597:6:600:Infinity":201,"s:598:8:598:Infinity":202,"s:599:8:599:Infinity":203,"b:604:2:604:Infinity:undefined:undefined:undefined:undefined":73,"s:604:2:604:Infinity":204,"s:604:23:604:Infinity":205,"s:607:21:607:Infinity":206,"s:608:17:608:Infinity":207,"s:609:25:609:Infinity":208,"s:611:2:626:Infinity":209,"s:612:14:612:Infinity":210,"b:613:4:625:Infinity:617:11:625:Infinity":74,"s:613:4:625:Infinity":211,"s:615:6:615:Infinity":212,"s:616:6:616:Infinity":213,"s:618:21:618:Infinity":214,"b:619:6:623:Infinity:621:13:623:Infinity":75,"s:619:6:623:Infinity":215,"s:620:8:620:Infinity":216,"s:622:8:622:Infinity":217,"s:624:6:624:Infinity":218,"s:628:20:631:Infinity":219,"f:628:56:628:57":25,"s:628:78:631:4":220,"s:633:21:633:Infinity":221,"s:634:8:634:Infinity":222,"s:635:8:635:Infinity":223,"s:637:2:642:Infinity":224,"f:649:9:649:Infinity":26,"s:654:93:654:Infinity":225,"b:656:2:656:Infinity:undefined:undefined:undefined:undefined":76,"s:656:2:656:Infinity":226,"s:656:32:656:Infinity":227,"s:658:76:658:Infinity":228,"s:659:21:659:Infinity":229,"s:660:22:660:Infinity":230,"b:663:4:675:Infinity:677:4:715:Infinity:717:4:726:Infinity:728:4:740:Infinity":77,"s:662:2:741:Infinity":231,"s:665:6:665:Infinity":232,"s:666:6:666:Infinity":233,"s:668:6:673:Infinity":234,"s:669:24:669:Infinity":235,"s:670:26:670:Infinity":236,"s:671:8:671:Infinity":237,"s:672:8:672:Infinity":238,"s:674:6:674:Infinity":239,"b:678:6:713:Infinity:687:6:713:Infinity":78,"s:678:6:713:Infinity":240,"s:680:8:680:Infinity":241,"s:681:8:681:Infinity":242,"s:683:26:683:Infinity":243,"s:684:24:684:Infinity":244,"s:685:8:685:Infinity":245,"s:686:8:686:Infinity":246,"b:687:6:713:Infinity:undefined:undefined:undefined:undefined":79,"s:687:6:713:Infinity":247,"s:689:8:689:Infinity":248,"s:690:8:690:Infinity":249,"s:691:26:691:Infinity":250,"s:692:24:692:Infinity":251,"b:694:8:712:Infinity:698:8:712:Infinity":80,"s:694:8:712:Infinity":252,"b:694:12:694:44:694:44:694:76":81,"s:696:10:696:Infinity":253,"s:697:10:697:Infinity":254,"b:698:8:712:Infinity:708:15:712:Infinity":82,"s:698:8:712:Infinity":255,"b:698:19:698:55:698:55:698:86":83,"s:700:10:700:Infinity":256,"s:701:28:701:Infinity":257,"s:702:28:702:Infinity":258,"b:702:28:702:60:702:60:702:Infinity":84,"s:703:16:703:Infinity":259,"s:704:16:704:Infinity":260,"s:705:10:705:Infinity":261,"s:706:10:706:Infinity":262,"s:707:10:707:Infinity":263,"s:710:10:710:Infinity":264,"s:711:10:711:Infinity":265,"s:714:6:714:Infinity":266,"s:718:6:718:Infinity":267,"s:719:6:719:Infinity":268,"s:721:24:721:Infinity":269,"s:722:22:722:Infinity":270,"s:723:6:723:Infinity":271,"s:724:6:724:Infinity":272,"s:725:6:725:Infinity":273,"s:730:6:730:Infinity":274,"s:731:6:731:Infinity":275,"s:733:6:738:Infinity":276,"s:734:24:734:Infinity":277,"s:735:26:735:Infinity":278,"s:736:8:736:Infinity":279,"s:737:8:737:Infinity":280,"s:739:6:739:Infinity":281,"s:743:2:756:Infinity":282,"b:747:25:753:8:753:8:753:Infinity":85,"f:763:9:763:33":27,"s:764:40:772:Infinity":283,"f:764:50:764:59":28,"s:764:59:772:4":284,"s:774:8:774:Infinity":285,"f:774:45:774:50":29,"s:774:50:774:65":286,"s:776:2:784:Infinity":287,"f:787:9:787:Infinity":30,"s:794:23:794:Infinity":288,"s:796:2:807:Infinity":289,"s:797:4:806:Infinity":290,"b:798:6:800:Infinity:undefined:undefined:undefined:undefined":86,"s:798:6:800:Infinity":291,"s:799:8:799:Infinity":292,"s:801:6:805:Infinity":293,"s:810:40:839:Infinity":294,"f:810:50:810:58":31,"s:811:10:811:Infinity":295,"s:812:18:812:Infinity":296,"b:812:18:812:54:812:54:812:Infinity":87,"s:815:26:815:Infinity":297,"s:816:4:825:Infinity":298,"s:817:23:817:Infinity":299,"f:817:50:817:55":32,"s:817:55:817:85":300,"b:818:6:824:Infinity:undefined:undefined:undefined:undefined":88,"s:818:6:824:Infinity":301,"s:820:35:820:Infinity":302,"f:820:64:820:65":33,"s:820:76:820:95":303,"b:821:8:823:Infinity:undefined:undefined:undefined:undefined":89,"s:821:8:823:Infinity":304,"s:822:10:822:Infinity":305,"s:827:10:827:Infinity":306,"s:828:27:828:Infinity":307,"b:828:38:828:78:828:78:828:Infinity":90,"s:830:4:838:Infinity":308,"s:841:8:841:Infinity":309,"f:841:45:841:50":34,"s:841:50:841:65":310,"s:842:8:842:Infinity":311,"f:842:50:842:55":35,"s:842:55:842:70":312,"s:843:8:843:Infinity":313,"s:845:2:853:Infinity":314}}}
,"C:\\Development\\leandro\\lib\\cart-pricing\\index.ts": {"path":"C:\\Development\\leandro\\lib\\cart-pricing\\index.ts","statementMap":{},"fnMap":{},"branchMap":{},"s":{},"f":{},"b":{},"meta":{"lastBranch":0,"lastFunction":0,"lastStatement":0,"seen":{}}}
,"C:\\Development\\leandro\\lib\\cart-pricing\\service.ts": {"path":"C:\\Development\\leandro\\lib\\cart-pricing\\service.ts","statementMap":{"0":{"start":{"line":28,"column":16},"end":{"line":28,"column":null}},"1":{"start":{"line":29,"column":4},"end":{"line":31,"column":null}},"2":{"start":{"line":30,"column":6},"end":{"line":30,"column":null}},"3":{"start":{"line":32,"column":4},"end":{"line":32,"column":null}},"4":{"start":{"line":46,"column":4},"end":{"line":52,"column":null}},"5":{"start":{"line":47,"column":6},"end":{"line":51,"column":null}},"6":{"start":{"line":54,"column":23},"end":{"line":54,"column":null}},"7":{"start":{"line":54,"column":38},"end":{"line":54,"column":49}},"8":{"start":{"line":57,"column":35},"end":{"line":60,"column":null}},"9":{"start":{"line":62,"column":4},"end":{"line":62,"column":null}},"10":{"start":{"line":63,"column":4},"end":{"line":63,"column":null}},"11":{"start":{"line":64,"column":4},"end":{"line":64,"column":null}},"12":{"start":{"line":67,"column":4},"end":{"line":67,"column":null}},"13":{"start":{"line":76,"column":19},"end":{"line":79,"column":null}},"14":{"start":{"line":82,"column":19},"end":{"line":82,"column":null}},"15":{"start":{"line":83,"column":4},"end":{"line":85,"column":null}},"16":{"start":{"line":84,"column":6},"end":{"line":84,"column":null}},"17":{"start":{"line":87,"column":4},"end":{"line":87,"column":null}},"18":{"start":{"line":96,"column":19},"end":{"line":96,"column":null}},"19":{"start":{"line":98,"column":19},"end":{"line":107,"column":null}},"20":{"start":{"line":132,"column":21},"end":{"line":132,"column":null}},"21":{"start":{"line":133,"column":28},"end":{"line":133,"column":null}},"22":{"start":{"line":134,"column":25},"end":{"line":134,"column":null}},"23":{"start":{"line":136,"column":4},"end":{"line":174,"column":null}},"24":{"start":{"line":138,"column":6},"end":{"line":152,"column":null}},"25":{"start":{"line":139,"column":8},"end":{"line":149,"column":null}},"26":{"start":{"line":150,"column":8},"end":{"line":150,"column":null}},"27":{"start":{"line":151,"column":8},"end":{"line":151,"column":null}},"28":{"start":{"line":155,"column":6},"end":{"line":160,"column":null}},"29":{"start":{"line":156,"column":8},"end":{"line":159,"column":null}},"30":{"start":{"line":163,"column":6},"end":{"line":173,"column":null}},"31":{"start":{"line":164,"column":8},"end":{"line":172,"column":null}},"32":{"start":{"line":177,"column":26},"end":{"line":177,"column":null}},"33":{"start":{"line":178,"column":4},"end":{"line":182,"column":null}},"34":{"start":{"line":179,"column":6},"end":{"line":179,"column":null}},"35":{"start":{"line":180,"column":6},"end":{"line":180,"column":null}},"36":{"start":{"line":181,"column":6},"end":{"line":181,"column":null}},"37":{"start":{"line":184,"column":4},"end":{"line":184,"column":null}},"38":{"start":{"line":211,"column":43},"end":{"line":211,"column":null}},"39":{"start":{"line":218,"column":2},"end":{"line":220,"column":null}},"40":{"start":{"line":219,"column":4},"end":{"line":219,"column":null}},"41":{"start":{"line":221,"column":2},"end":{"line":221,"column":null}},"42":{"start":{"line":228,"column":2},"end":{"line":228,"column":null}}},"fnMap":{"0":{"name":"(anonymous_0)","decl":{"start":{"line":27,"column":2},"end":{"line":27,"column":14}},"loc":{"start":{"line":27,"column":36},"end":{"line":33,"column":null}},"line":27},"1":{"name":"(anonymous_1)","decl":{"start":{"line":42,"column":8},"end":{"line":42,"column":null}},"loc":{"start":{"line":45,"column":31},"end":{"line":68,"column":null}},"line":45},"2":{"name":"(anonymous_2)","decl":{"start":{"line":54,"column":33},"end":{"line":54,"column":38}},"loc":{"start":{"line":54,"column":38},"end":{"line":54,"column":49}},"line":54},"3":{"name":"(anonymous_3)","decl":{"start":{"line":75,"column":16},"end":{"line":75,"column":34}},"loc":{"start":{"line":75,"column":86},"end":{"line":88,"column":null}},"line":75},"4":{"name":"(anonymous_4)","decl":{"start":{"line":95,"column":16},"end":{"line":95,"column":32}},"loc":{"start":{"line":95,"column":82},"end":{"line":185,"column":null}},"line":95},"5":{"name":"getCartPricingService","decl":{"start":{"line":217,"column":16},"end":{"line":217,"column":60}},"loc":{"start":{"line":217,"column":60},"end":{"line":222,"column":null}},"line":217},"6":{"name":"createCartPricingService","decl":{"start":{"line":227,"column":16},"end":{"line":227,"column":41}},"loc":{"start":{"line":227,"column":82},"end":{"line":229,"column":null}},"line":227}},"branchMap":{"0":{"loc":{"start":{"line":28,"column":16},"end":{"line":28,"column":null}},"type":"binary-expr","locations":[{"start":{"line":28,"column":16},"end":{"line":28,"column":31}},{"start":{"line":28,"column":31},"end":{"line":28,"column":null}}],"line":28},"1":{"loc":{"start":{"line":29,"column":4},"end":{"line":31,"column":null}},"type":"if","locations":[{"start":{"line":29,"column":4},"end":{"line":31,"column":null}},{"start":{},"end":{}}],"line":29},"2":{"loc":{"start":{"line":44,"column":4},"end":{"line":44,"column":null}},"type":"default-arg","locations":[{"start":{"line":44,"column":16},"end":{"line":44,"column":null}}],"line":44},"3":{"loc":{"start":{"line":46,"column":4},"end":{"line":52,"column":null}},"type":"if","locations":[{"start":{"line":46,"column":4},"end":{"line":52,"column":null}},{"start":{},"end":{}}],"line":46},"4":{"loc":{"start":{"line":138,"column":6},"end":{"line":152,"column":null}},"type":"if","locations":[{"start":{"line":138,"column":6},"end":{"line":152,"column":null}},{"start":{},"end":{}}],"line":138},"5":{"loc":{"start":{"line":155,"column":6},"end":{"line":160,"column":null}},"type":"if","locations":[{"start":{"line":155,"column":6},"end":{"line":160,"column":null}},{"start":{},"end":{}}],"line":155},"6":{"loc":{"start":{"line":155,"column":10},"end":{"line":155,"column":84}},"type":"binary-expr","locations":[{"start":{"line":155,"column":10},"end":{"line":155,"column":28}},{"start":{"line":155,"column":28},"end":{"line":155,"column":84}}],"line":155},"7":{"loc":{"start":{"line":158,"column":20},"end":{"line":158,"column":null}},"type":"binary-expr","locations":[{"start":{"line":158,"column":20},"end":{"line":158,"column":44}},{"start":{"line":158,"column":44},"end":{"line":158,"column":null}}],"line":158},"8":{"loc":{"start":{"line":163,"column":6},"end":{"line":173,"column":null}},"type":"if","locations":[{"start":{"line":163,"column":6},"end":{"line":173,"column":null}},{"start":{},"end":{}}],"line":163},"9":{"loc":{"start":{"line":163,"column":10},"end":{"line":163,"column":75}},"type":"binary-expr","locations":[{"start":{"line":163,"column":10},"end":{"line":163,"column":25}},{"start":{"line":163,"column":25},"end":{"line":163,"column":75}}],"line":163},"10":{"loc":{"start":{"line":167,"column":19},"end":{"line":167,"column":null}},"type":"binary-expr","locations":[{"start":{"line":167,"column":19},"end":{"line":167,"column":39}},{"start":{"line":167,"column":39},"end":{"line":167,"column":null}}],"line":167},"11":{"loc":{"start":{"line":169,"column":23},"end":{"line":169,"column":null}},"type":"cond-expr","locations":[{"start":{"line":169,"column":46},"end":{"line":169,"column":77}},{"start":{"line":169,"column":77},"end":{"line":169,"column":null}}],"line":169},"12":{"loc":{"start":{"line":170,"column":22},"end":{"line":170,"column":null}},"type":"cond-expr","locations":[{"start":{"line":170,"column":44},"end":{"line":170,"column":74}},{"start":{"line":170,"column":74},"end":{"line":170,"column":null}}],"line":170},"13":{"loc":{"start":{"line":171,"column":24},"end":{"line":171,"column":null}},"type":"cond-expr","locations":[{"start":{"line":171,"column":48},"end":{"line":171,"column":80}},{"start":{"line":171,"column":80},"end":{"line":171,"column":null}}],"line":171},"14":{"loc":{"start":{"line":218,"column":2},"end":{"line":220,"column":null}},"type":"if","locations":[{"start":{"line":218,"column":2},"end":{"line":220,"column":null}},{"start":{},"end":{}}],"line":218}},"s":{"0":0,"1":0,"2":0,"3":0,"4":0,"5":0,"6":0,"7":0,"8":0,"9":0,"10":0,"11":0,"12":0,"13":0,"14":0,"15":0,"16":0,"17":0,"18":0,"19":0,"20":0,"21":0,"22":0,"23":0,"24":0,"25":0,"26":0,"27":0,"28":0,"29":0,"30":0,"31":0,"32":0,"33":0,"34":0,"35":0,"36":0,"37":0,"38":0,"39":0,"40":0,"41":0,"42":0},"f":{"0":0,"1":0,"2":0,"3":0,"4":0,"5":0,"6":0},"b":{"0":[0,0],"1":[0,0],"2":[0],"3":[0,0],"4":[0,0],"5":[0,0],"6":[0,0],"7":[0,0],"8":[0,0],"9":[0,0],"10":[0,0],"11":[0,0],"12":[0,0],"13":[0,0],"14":[0,0]},"meta":{"lastBranch":15,"lastFunction":7,"lastStatement":43,"seen":{"f:27:2:27:14":0,"s:28:16:28:Infinity":0,"b:28:16:28:31:28:31:28:Infinity":0,"b:29:4:31:Infinity:undefined:undefined:undefined:undefined":1,"s:29:4:31:Infinity":1,"s:30:6:30:Infinity":2,"s:32:4:32:Infinity":3,"f:42:8:42:Infinity":1,"b:44:16:44:Infinity":2,"b:46:4:52:Infinity:undefined:undefined:undefined:undefined":3,"s:46:4:52:Infinity":4,"s:47:6:51:Infinity":5,"s:54:23:54:Infinity":6,"f:54:33:54:38":2,"s:54:38:54:49":7,"s:57:35:60:Infinity":8,"s:62:4:62:Infinity":9,"s:63:4:63:Infinity":10,"s:64:4:64:Infinity":11,"s:67:4:67:Infinity":12,"f:75:16:75:34":3,"s:76:19:79:Infinity":13,"s:82:19:82:Infinity":14,"s:83:4:85:Infinity":15,"s:84:6:84:Infinity":16,"s:87:4:87:Infinity":17,"f:95:16:95:32":4,"s:96:19:96:Infinity":18,"s:98:19:107:Infinity":19,"s:132:21:132:Infinity":20,"s:133:28:133:Infinity":21,"s:134:25:134:Infinity":22,"s:136:4:174:Infinity":23,"b:138:6:152:Infinity:undefined:undefined:undefined:undefined":4,"s:138:6:152:Infinity":24,"s:139:8:149:Infinity":25,"s:150:8:150:Infinity":26,"s:151:8:151:Infinity":27,"b:155:6:160:Infinity:undefined:undefined:undefined:undefined":5,"s:155:6:160:Infinity":28,"b:155:10:155:28:155:28:155:84":6,"s:156:8:159:Infinity":29,"b:158:20:158:44:158:44:158:Infinity":7,"b:163:6:173:Infinity:undefined:undefined:undefined:undefined":8,"s:163:6:173:Infinity":30,"b:163:10:163:25:163:25:163:75":9,"s:164:8:172:Infinity":31,"b:167:19:167:39:167:39:167:Infinity":10,"b:169:46:169:77:169:77:169:Infinity":11,"b:170:44:170:74:170:74:170:Infinity":12,"b:171:48:171:80:171:80:171:Infinity":13,"s:177:26:177:Infinity":32,"s:178:4:182:Infinity":33,"s:179:6:179:Infinity":34,"s:180:6:180:Infinity":35,"s:181:6:181:Infinity":36,"s:184:4:184:Infinity":37,"s:211:43:211:Infinity":38,"f:217:16:217:60":5,"b:218:2:220:Infinity:undefined:undefined:undefined:undefined":14,"s:218:2:220:Infinity":39,"s:219:4:219:Infinity":40,"s:221:2:221:Infinity":41,"f:227:16:227:41":6,"s:228:2:228:Infinity":42}}}
,"C:\\Development\\leandro\\lib\\cart-pricing\\types.ts": {"path":"C:\\Development\\leandro\\lib\\cart-pricing\\types.ts","statementMap":{},"fnMap":{},"branchMap":{},"s":{},"f":{},"b":{},"meta":{"lastBranch":0,"lastFunction":0,"lastStatement":0,"seen":{}}}
,"C:\\Development\\leandro\\lib\\cart-pricing\\utils.ts": {"path":"C:\\Development\\leandro\\lib\\cart-pricing\\utils.ts","statementMap":{"0":{"start":{"line":10,"column":2},"end":{"line":10,"column":null}},"1":{"start":{"line":17,"column":2},"end":{"line":17,"column":null}},"2":{"start":{"line":17,"column":42},"end":{"line":17,"column":51}},"3":{"start":{"line":28,"column":2},"end":{"line":30,"column":null}},"4":{"start":{"line":29,"column":4},"end":{"line":29,"column":null}},"5":{"start":{"line":31,"column":2},"end":{"line":33,"column":null}},"6":{"start":{"line":32,"column":4},"end":{"line":32,"column":null}},"7":{"start":{"line":34,"column":2},"end":{"line":36,"column":null}},"8":{"start":{"line":35,"column":4},"end":{"line":35,"column":null}},"9":{"start":{"line":37,"column":2},"end":{"line":37,"column":null}},"10":{"start":{"line":47,"column":2},"end":{"line":47,"column":null}},"11":{"start":{"line":47,"column":31},"end":{"line":47,"column":null}},"12":{"start":{"line":48,"column":2},"end":{"line":48,"column":null}},"13":{"start":{"line":48,"column":56},"end":{"line":48,"column":null}},"14":{"start":{"line":49,"column":2},"end":{"line":49,"column":null}},"15":{"start":{"line":56,"column":2},"end":{"line":56,"column":null}}},"fnMap":{"0":{"name":"round2","decl":{"start":{"line":9,"column":16},"end":{"line":9,"column":23}},"loc":{"start":{"line":9,"column":46},"end":{"line":11,"column":null}},"line":9},"1":{"name":"sumRound","decl":{"start":{"line":16,"column":16},"end":{"line":16,"column":25}},"loc":{"start":{"line":16,"column":51},"end":{"line":18,"column":null}},"line":16},"2":{"name":"(anonymous_2)","decl":{"start":{"line":17,"column":30},"end":{"line":17,"column":31}},"loc":{"start":{"line":17,"column":42},"end":{"line":17,"column":51}},"line":17},"3":{"name":"calculateTierPrice","decl":{"start":{"line":23,"column":16},"end":{"line":23,"column":null}},"loc":{"start":{"line":27,"column":10},"end":{"line":38,"column":null}},"line":27},"4":{"name":"quantityInTierRange","decl":{"start":{"line":43,"column":16},"end":{"line":43,"column":null}},"loc":{"start":{"line":46,"column":11},"end":{"line":50,"column":null}},"line":46},"5":{"name":"deepClone","decl":{"start":{"line":55,"column":16},"end":{"line":55,"column":29}},"loc":{"start":{"line":55,"column":40},"end":{"line":57,"column":null}},"line":55}},"branchMap":{"0":{"loc":{"start":{"line":28,"column":2},"end":{"line":30,"column":null}},"type":"if","locations":[{"start":{"line":28,"column":2},"end":{"line":30,"column":null}},{"start":{},"end":{}}],"line":28},"1":{"loc":{"start":{"line":31,"column":2},"end":{"line":33,"column":null}},"type":"if","locations":[{"start":{"line":31,"column":2},"end":{"line":33,"column":null}},{"start":{},"end":{}}],"line":31},"2":{"loc":{"start":{"line":34,"column":2},"end":{"line":36,"column":null}},"type":"if","locations":[{"start":{"line":34,"column":2},"end":{"line":36,"column":null}},{"start":{},"end":{}}],"line":34},"3":{"loc":{"start":{"line":47,"column":2},"end":{"line":47,"column":null}},"type":"if","locations":[{"start":{"line":47,"column":2},"end":{"line":47,"column":null}},{"start":{},"end":{}}],"line":47},"4":{"loc":{"start":{"line":48,"column":2},"end":{"line":48,"column":null}},"type":"if","locations":[{"start":{"line":48,"column":2},"end":{"line":48,"column":null}},{"start":{},"end":{}}],"line":48},"5":{"loc":{"start":{"line":48,"column":6},"end":{"line":48,"column":56}},"type":"binary-expr","locations":[{"start":{"line":48,"column":6},"end":{"line":48,"column":31}},{"start":{"line":48,"column":31},"end":{"line":48,"column":56}}],"line":48}},"s":{"0":213,"1":46,"2":47,"3":0,"4":0,"5":0,"6":0,"7":0,"8":0,"9":0,"10":0,"11":0,"12":0,"13":0,"14":0,"15":19},"f":{"0":213,"1":46,"2":47,"3":0,"4":0,"5":19},"b":{"0":[0,0],"1":[0,0],"2":[0,0],"3":[0,0],"4":[0,0],"5":[0,0]},"meta":{"lastBranch":6,"lastFunction":6,"lastStatement":16,"seen":{"f:9:16:9:23":0,"s:10:2:10:Infinity":0,"f:16:16:16:25":1,"s:17:2:17:Infinity":1,"f:17:30:17:31":2,"s:17:42:17:51":2,"f:23:16:23:Infinity":3,"b:28:2:30:Infinity:undefined:undefined:undefined:undefined":0,"s:28:2:30:Infinity":3,"s:29:4:29:Infinity":4,"b:31:2:33:Infinity:undefined:undefined:undefined:undefined":1,"s:31:2:33:Infinity":5,"s:32:4:32:Infinity":6,"b:34:2:36:Infinity:undefined:undefined:undefined:undefined":2,"s:34:2:36:Infinity":7,"s:35:4:35:Infinity":8,"s:37:2:37:Infinity":9,"f:43:16:43:Infinity":4,"b:47:2:47:Infinity:undefined:undefined:undefined:undefined":3,"s:47:2:47:Infinity":10,"s:47:31:47:Infinity":11,"b:48:2:48:Infinity:undefined:undefined:undefined:undefined":4,"s:48:2:48:Infinity":12,"b:48:6:48:31:48:31:48:56":5,"s:48:56:48:Infinity":13,"s:49:2:49:Infinity":14,"f:55:16:55:29":5,"s:56:2:56:Infinity":15}}}
}
